Case #1:
GGG
CCC
JJJ
Case #2:
CODE
JJAM
JJAM
Case #3:
CA
KE
Case #4:
QQQQQQQQQQQQQQQQQQQQQQQQQ
QQQQQQQQQQQQQQQQQQQQQQQQQ
QQQQQQQQQQQQQQQQQQQQQQQQQ
QQQQQQQQQQQQQQQQQQQQQQQQQ
QQQQQQQQQQQQQQQQQQQQQQQQQ
QQQQQQQQQQQQQQQQQQQQQQQQQ
QQQQQQQQQQQQQQQQQQQQQQQQQ
QQQQQQQQQQQQQQQQQQQQQQQQQ
QQQQQQQQQQQQQQQQQQQQQQQQQ
QQQQQQQQQQQQQQQQQQQQQQQQQ
QQQQQQQQQQQQQQQQQQQQQQQQQ
QQQQQQQQQQQQQQQQQQQQQQQQQ
QQQQQQQQQQQQQQQQQQQQQQQQQ
QQQQQQQQQQQQQQQQQQQQQQQQQ
QQQQQQQQQQQQQQQQQQQQQQQQQ
QQQQQQQQQQQQQQQQQQQQQQQQQ
YRUDDDDDDDDDDDDDDDDDDDDDD
IIIGGGGGGGGGGGGGGGGGGGGGG
NNAAMLLLLLLLLLLLLLLLLLLLL
OHBBXEEEEEEEEEEEEEEEEEEEE
ZVVCCPPPPPPPPPPPPPPPPPPPP
KKFFFFFFFFFFFFFFFFFFFFFFF
KKFFFFFFFFFFFFFFFFFFFFFFF
SWWWWWWWWWWWWWWWWWWWWWWWW
TTJJJJJJJJJJJJJJJJJJJJJJJ
Case #5:
MMMMMMMMMMMMMHHHHHHHHHHHH
MMMMMMMMMMMMMHHHHHHHHHHHH
MMMMMMMMMMMMMHHHHHHHHHHHH
GGGGGGGGGGGGGTTTTRRRFFFFF
CCCCCCCCCCCCCWWWWWWWWWWWW
NNNNNNNNNNNNNNNLLEIIIIZZZ
XXXXXXXXXXXXXXXXXOOOOOOQQ
SSSSSSSSSSSSSSSSSKKUUAADD
VVVVVVVVVVVVVVVVVVVVVVVVV
BBBBBBBBBBBBBBBBBBBBBBBBB
PPPPPPPPPPPPPPPPPPPPPJJJJ
YYYYYYYYYYYYYYYYYYYYYYYYY
YYYYYYYYYYYYYYYYYYYYYYYYY
YYYYYYYYYYYYYYYYYYYYYYYYY
YYYYYYYYYYYYYYYYYYYYYYYYY
YYYYYYYYYYYYYYYYYYYYYYYYY
YYYYYYYYYYYYYYYYYYYYYYYYY
YYYYYYYYYYYYYYYYYYYYYYYYY
YYYYYYYYYYYYYYYYYYYYYYYYY
YYYYYYYYYYYYYYYYYYYYYYYYY
YYYYYYYYYYYYYYYYYYYYYYYYY
YYYYYYYYYYYYYYYYYYYYYYYYY
YYYYYYYYYYYYYYYYYYYYYYYYY
YYYYYYYYYYYYYYYYYYYYYYYYY
YYYYYYYYYYYYYYYYYYYYYYYYY
Case #6:
AAAAAAAAAAAAAAAAAAAAAAAAA
BBBBBBBBBBBBBBBBBBBBBBBBB
CCCCCCCCCCCCCCCCCCCCCCCCC
DDDDDDDDDDDDDDDDDDDDDDDDD
EEEEEEEEEEEEEEEEEEEEEEEEE
FFFFFFFFFFFFFFFFFFFFFFFFF
GGGGGGGGGGGGGGGGGGGGGGGGG
HHHHHHHHHHHHHHHHHHHHHHHHH
IIIIIIIIIIIIIIIIIIIIIIIII
JJJJJJJJJJJJJJJJJJJJJJJJJ
KKKKKKKKKKKKKKKKKKKKKKKKK
LLLLLLLLLLLLLLLLLLLLLLLLL
MMMMMMMMMMMMMMMMMMMMMMMMM
NNNNNNNNNNNNNNNNNNNNNNNNN
OOOOOOOOOOOOOOOOOOOOOOOOO
PPPPPPPPPPPPPPPPPPPPPPPPP
QQQQQQQQQQQQQQQQQQQQQQQQQ
RRRRRRRRRRRRRRRRRRRRRRRRR
SSSSSSSSSSSSSSSSSSSSSSSSS
TTTTTTTTTTTTTTTTTTTTTTTTT
UUUUUUUUUUUUUUUUUUUUUUUUU
VVVVVVVVVVVVVVVVVVVVVVVVV
WWWWWWWWWWWWWWWWWWWWWWWWW
XXXXXXXXXXXXXXXXXXXXXXXXX
YYYYYYYYYYYYYYYYYYYYYYYYY
Case #7:
AAAAAAAAAAAAAAAAAAAAAAAAA
AAAAAAAAAAAAAAAAAAAAAAAAA
AAAAAAAAAAAAAAAAAAAAAAAAA
AAAAAAAAAAAAAAAAAAAAAAAAA
AAAAAAAAAAAAAAAAAAAAAAAAA
AAAAAAAAAAAAAAAAAAAAAAAAA
AAAAAAAAAAAAAAAAAAAAAAAAA
AAAAAAAAAAAAAAAAAAAAAAAAA
AAAAAAAAAAAAAAAAAAAAAAAAA
AAAAAAAAAAAAAAAAAAAAAAAAA
AAAAAAAAAAAAAAAAAAAAAAAAA
AAAAAAAAAAAAAAAAAAAAAAAAA
AAAAAAAAAAAAAAAAAAAAAAAAA
AAAAAAAAAAAAAAAAAAAAAAAAA
AAAAAAAAAAAAAAAAAAAAAAAAA
AAAAAAAAAAAAAAAAAAAAAAAAA
ZZZZZZZZZZZZZZZZZZZZZZZZZ
LLLLLLLLLKKKKKKKKKKKKKKKK
RRRRRRRRRRRRRRRRRRRRRRRRR
QQQYYYYYYYYYYYYYYYYYYYYYY
XXXIIGUUOOOOOOOOOOOOOOOOO
HBBBBBBBBNNNFEEEEEEEEEEEE
SCCCCCCCCJJJJJJJJJJJJJJJJ
WWWWWWWWWWWWWWWWWWWWWWWWW
DPVMMMMTTTTTTTTTTTTTTTTTT
Case #8:
CCC
CCC
CCC
DDF
EAB
Case #9:
IIIIIIIIIIIIIIRRRRRRRRRRR
UUUUUUUUUUUUDDDTCCCCCCCCC
XXXXXXXXXXXQEEEMZZZZZZZZZ
VVVVVVVVVVVHHHHKFYGGGGGGG
BBBBBBBBBBBBALLWWNNNNNNNN
SSSSSSSSSSSSSJJJJJJJJJJJJ
OOOOOOOOOOOOOOOPPPPPPPPPP
OOOOOOOOOOOOOOOPPPPPPPPPP
OOOOOOOOOOOOOOOPPPPPPPPPP
OOOOOOOOOOOOOOOPPPPPPPPPP
OOOOOOOOOOOOOOOPPPPPPPPPP
OOOOOOOOOOOOOOOPPPPPPPPPP
OOOOOOOOOOOOOOOPPPPPPPPPP
OOOOOOOOOOOOOOOPPPPPPPPPP
OOOOOOOOOOOOOOOPPPPPPPPPP
OOOOOOOOOOOOOOOPPPPPPPPPP
OOOOOOOOOOOOOOOPPPPPPPPPP
OOOOOOOOOOOOOOOPPPPPPPPPP
OOOOOOOOOOOOOOOPPPPPPPPPP
OOOOOOOOOOOOOOOPPPPPPPPPP
OOOOOOOOOOOOOOOPPPPPPPPPP
OOOOOOOOOOOOOOOPPPPPPPPPP
OOOOOOOOOOOOOOOPPPPPPPPPP
OOOOOOOOOOOOOOOPPPPPPPPPP
OOOOOOOOOOOOOOOPPPPPPPPPP
Case #10:
AAAAAAAAAAAAAAAAABBBBBBBB
AAAAAAAAAAAAAAAAABBBBBBBB
AAAAAAAAAAAAAAAAABBBBBBBB
AAAAAAAAAAAAAAAAABBBBBBBB
AAAAAAAAAAAAAAAAABBBBBBBB
AAAAAAAAAAAAAAAAABBBBBBBB
AAAAAAAAAAAAAAAAABBBBBBBB
AAAAAAAAAAAAAAAAABBBBBBBB
AAAAAAAAAAAAAAAAABBBBBBBB
AAAAAAAAAAAAAAAAABBBBBBBB
AAAAAAAAAAAAAAAAABBBBBBBB
AAAAAAAAAAAAAAAAABBBBBBBB
AAAAAAAAAAAAAAAAABBBBBBBB
CCCCCCCCCCCCCCCCCCCCCCCCC
DDDDDDDDDDDDDDDDDDDDDDDDD
EEEEEEEEEEEEEEEEEEEEEEEEE
EEEEEEEEEEEEEEEEEEEEEEEEE
EEEEEEEEEEEEEEEEEEEEEEEEE
EEEEEEEEEEEEEEEEEEEEEEEEE
EEEEEEEEEEEEEEEEEEEEEEEEE
EEEEEEEEEEEEEEEEEEEEEEEEE
EEEEEEEEEEEEEEEEEEEEEEEEE
EEEEEEEEEEEEEEEEEEEEEEEEE
EEEEEEEEEEEEEEEEEEEEEEEEE
EEEEEEEEEEEEEEEEEEEEEEEEE
Case #11:
RRRRRRRRRRRRRRRRRRRRRRRRR
RRRRRRRRRRRRRRRRRRRRRRRRR
RRRRRRRRRRRRRRRRRRRRRRRRR
NNNNNNNNLLLLLLLLLLLLLLLLL
CCCCCCCCCCCCCCCCCCCCCCCCC
CCCCCCCCCCCCCCCCCCCCCCCCC
IIKKKKKKKKKKKKKKKKKKKKKKK
IIKKKKKKKKKKKKKKKKKKKKKKK
DDDDDDDDDDDDDDDDDDDDDDDDD
DDDDDDDDDDDDDDDDDDDDDDDDD
DDDDDDDDDDDDDDDDDDDDDDDDD
VVVUUUUUUUUUUUUUUUUUUUUUU
VVVUUUUUUUUUUUUUUUUUUUUUU
QQQQQQQQQQQQQQQQQQQQQQQQQ
SSSSSSSSSSSSSSSSSSSSSSSSS
PPPPWWWWWWWWWWWWWWWWWWWWW
FFFFFFAAAAAAAAAOOOOOOOOOO
JJJJJJHHHHHHHHHHHHHEEEEEE
BBBBBBBBBBBBBBBBBBBBBBBBB
BBBBBBBBBBBBBBBBBBBBBBBBB
BBBBBBBBBBBBBBBBBBBBBBBBB
TTTTTTTTTTTTTTTTTTTTTTTTT
MMMMMGGGGGGGGGGGGYYYYYYYY
XXXXXXXXXXXXXXXXXXXXXXXXX
ZZZZZZZZZZZZZZZZZZZZZZZZZ
Case #12:
AAAAA
AAAAA
AAAAA
Case #13:
SZZZZUUUUUUUUUUUUUUUUUUUU
SZZZZUUUUUUUUUUUUUUUUUUUU
SZZZZUUUUUUUUUUUUUUUUUUUU
VVVVTTTTTTTTTTTTTTTTTTTTT
RRRRRRRJJJJJJJJJJJJJJJJJJ
EEEEEEEEEEEEEEEEEPPPPPPPP
EEEEEEEEEEEEEEEEEPPPPPPPP
KKKKKKKKKKKKKKKKKKKKKKKKK
AAAAAAAAAAAAAAAAAAAAAAAAA
NIIIIIIIIIIIIIIIIIIIIIIII
GGGGGGGGGGGGGGGGGGGGGGGGG
DMMMMMMMMMMMMMMMMMMMMMMMM
YYYYYYYYYYYYYYYYYYYYYYYYY
QQQQQQQQQQQQQQQQQQQQQQQQQ
LLLLLLLLLLLLLLLLLLLLLLLLL
XXXWWWWWWWWWWWWWWWWWWWWWW
XXXWWWWWWWWWWWWWWWWWWWWWW
XXXWWWWWWWWWWWWWWWWWWWWWW
XXXWWWWWWWWWWWWWWWWWWWWWW
XXXWWWWWWWWWWWWWWWWWWWWWW
XXXWWWWWWWWWWWWWWWWWWWWWW
HHHHHHHHHCBBBBBBBBBBBBBBB
HHHHHHHHHCBBBBBBBBBBBBBBB
HHHHHHHHHCBBBBBBBBBBBBBBB
FFFFFFFFFFOOOOOOOOOOOOOOO
Case #14:
TYYYYYYYYYYYYYYAAAAAAAAAA
FFFFFFFFFFFFFFFFFFFFFFFFF
HHHHHHHHHHHHHHHHHHHHHHHHH
VVVVVQQMMMMMMMMMMMMMMMMMM
PPPPPPPPPPPPPPPPPPPPPPPPP
OOOOOOOOOSSSSSSSSSSSSSSSS
LLLLLLLLLLLLLLLLLLLLLLLLL
NNNNNNNNNNNNNNNNNNNNNNNNN
NNNNNNNNNNNNNNNNNNNNNNNNN
NNNNNNNNNNNNNNNNNNNNNNNNN
GGGGGZZZZZZZZZZZZZZZJJJJJ
DDDDDDDDDDDDDDDDDDDDDDDDD
BBBBBBBBBBBBBBBBBBBBBBBBB
WWWWWWWWWWWWWWWWWWWWWWWWW
WWWWWWWWWWWWWWWWWWWWWWWWW
XXXXXXCCCCCCKKKKKKKKKKKKK
UUUUUUUUUUUUUUUUUUUUUUUUU
UUUUUUUUUUUUUUUUUUUUUUUUU
IIIIIIIIIIIIIIIIIIIIIIIII
IIIIIIIIIIIIIIIIIIIIIIIII
IIIIIIIIIIIIIIIIIIIIIIIII
EEEEEEEEEEEEEEEEEEEEEEEEE
RRRRRRRRRRRRRRRRRRRRRRRRR
RRRRRRRRRRRRRRRRRRRRRRRRR
RRRRRRRRRRRRRRRRRRRRRRRRR
Case #15:
AAABBBBBBBBBBBBBBBBBBBBBB
AAABBBBBBBBBBBBBBBBBBBBBB
AAABBBBBBBBBBBBBBBBBBBBBB
AAABBBBBBBBBBBBBBBBBBBBBB
AAABBBBBBBBBBBBBBBBBBBBBB
AAABBBBBBBBBBBBBBBBBBBBBB
AAABBBBBBBBBBBBBBBBBBBBBB
AAABBBBBBBBBBBBBBBBBBBBBB
CCCCCCCCCCCCCCCCCCCCCCCCC
DDDDDDDDDDDDDDDDDDDDDDDDD
EEEEEEEEEEEEEEEEEEEEEEEEE
EEEEEEEEEEEEEEEEEEEEEEEEE
EEEEEEEEEEEEEEEEEEEEEEEEE
EEEEEEEEEEEEEEEEEEEEEEEEE
EEEEEEEEEEEEEEEEEEEEEEEEE
EEEEEEEEEEEEEEEEEEEEEEEEE
EEEEEEEEEEEEEEEEEEEEEEEEE
EEEEEEEEEEEEEEEEEEEEEEEEE
EEEEEEEEEEEEEEEEEEEEEEEEE
EEEEEEEEEEEEEEEEEEEEEEEEE
EEEEEEEEEEEEEEEEEEEEEEEEE
EEEEEEEEEEEEEEEEEEEEEEEEE
EEEEEEEEEEEEEEEEEEEEEEEEE
EEEEEEEEEEEEEEEEEEEEEEEEE
EEEEEEEEEEEEEEEEEEEEEEEEE
Case #16:
LLLLLLLLLLLLLLLLLLLLLLLLL
LLLLLLLLLLLLLLLLLLLLLLLLL
LLLLLLLLLLLLLLLLLLLLLLLLL
LLLLLLLLLLLLLLLLLLLLLLLLL
LLLLLLLLLLLLLLLLLLLLLLLLL
LLLLLLLLLLLLLLLLLLLLLLLLL
LLLLLLLLLLLLLLLLLLLLLLLLL
LLLLLLLLLLLLLLLLLLLLLLLLL
LLLLLLLLLLLLLLLLLLLLLLLLL
LLLLLLLLLLLLLLLLLLLLLLLLL
LLLLLLLLLLLLLLLLLLLLLLLLL
LLLLLLLLLLLLLLLLLLLLLLLLL
LLLLLLLLLLLLLLLLLLLLLLLLL
LLLLLLLLLLLLLLLLLLLLLLLLL
GGGGGGGGGGGGGGGGGGGGGGGGG
UUUUUUUUUUUUUUUUUUUUUUUUU
NNNNNNNNNNNNDBBBBBBBBBBBB
RRRRRRRRRXXFFFFFFFFFFFFFF
QQQQQQQQQQQQQQYYYYYYYYYYY
QQQQQQQQQQQQQQYYYYYYYYYYY
CCCCCCCCCCCCCCCCCCCCCCCCC
WWWWWWWWWWWEESSSSSMMMMMMM
AAAAAAAAIIIIIIIIIOOOOOOOO
KKKKKKZZJJJJJJVVHHHHTTTTT
PPPPPPPPPPPPPPPPPPPPPPPPP
Case #17:
ABCDEFGHIJKLMNOPQRSTUVWXY
ABCDEFGHIJKLMNOPQRSTUVWXY
ABCDEFGHIJKLMNOPQRSTUVWXY
ABCDEFGHIJKLMNOPQRSTUVWXY
ABCDEFGHIJKLMNOPQRSTUVWXY
ABCDEFGHIJKLMNOPQRSTUVWXY
ABCDEFGHIJKLMNOPQRSTUVWXY
ABCDEFGHIJKLMNOPQRSTUVWXY
ABCDEFGHIJKLMNOPQRSTUVWXY
ABCDEFGHIJKLMNOPQRSTUVWXY
ABCDEFGHIJKLMNOPQRSTUVWXY
ABCDEFGHIJKLMNOPQRSTUVWXY
ABCDEFGHIJKLMNOPQRSTUVWXY
ABCDEFGHIJKLMNOPQRSTUVWXY
ABCDEFGHIJKLMNOPQRSTUVWXY
ABCDEFGHIJKLMNOPQRSTUVWXY
ABCDEFGHIJKLMNOPQRSTUVWXY
ABCDEFGHIJKLMNOPQRSTUVWXY
ABCDEFGHIJKLMNOPQRSTUVWXY
ABCDEFGHIJKLMNOPQRSTUVWXY
ABCDEFGHIJKLMNOPQRSTUVWXY
ABCDEFGHIJKLMNOPQRSTUVWXY
ABCDEFGHIJKLMNOPQRSTUVWXY
ABCDEFGHIJKLMNOPQRSTUVWXY
ABCDEFGHIJKLMNOPQRSTUVWXY
Case #18:
AAAAAACCCCCCCCCCCCCCCCCCC
AAAAAACCCCCCCCCCCCCCCCCCC
AAAAAACCCCCCCCCCCCCCCCCCC
AAAAAACCCCCCCCCCCCCCCCCCC
AAAAAACCCCCCCCCCCCCCCCCCC
EEEEEEEEEEEEEEEEEEEEEEEEE
BBBBBBDDDDDDDDDDDDDDDDDDD
BBBBBBDDDDDDDDDDDDDDDDDDD
BBBBBBDDDDDDDDDDDDDDDDDDD
BBBBBBDDDDDDDDDDDDDDDDDDD
FFFFFFFFFFFFFFFGGGGGGGGGG
FFFFFFFFFFFFFFFGGGGGGGGGG
FFFFFFFFFFFFFFFGGGGGGGGGG
FFFFFFFFFFFFFFFGGGGGGGGGG
FFFFFFFFFFFFFFFGGGGGGGGGG
FFFFFFFFFFFFFFFGGGGGGGGGG
FFFFFFFFFFFFFFFGGGGGGGGGG
HHHHHHHHHHHHHHHHHHHHHHHHH
IIIIIIIIIIIIIIIIIIIIIIIII
JJJJJJJJJJJJJJJJJJJJJJJJJ
JJJJJJJJJJJJJJJJJJJJJJJJJ
JJJJJJJJJJJJJJJJJJJJJJJJJ
JJJJJJJJJJJJJJJJJJJJJJJJJ
JJJJJJJJJJJJJJJJJJJJJJJJJ
JJJJJJJJJJJJJJJJJJJJJJJJJ
Case #19:
XXXXXXXXXXXXXXXXXXXXXXXXX
IIIIIIIIIIIIIIIIIIIIIIIII
OOOOOOOOJJJJJJJJJJJJJJJJJ
ZZHHHHHHHHHHHHHHHHHHHHHHH
ZZHHHHHHHHHHHHHHHHHHHHHHH
RRRRRRRRRYYYYYYYYYYYYYYYY
RRRRRRRRRYYYYYYYYYYYYYYYY
AAAAAAAAAAAAAAAACCCCCCCCC
EEEEEEEEEEEEEEEEEEEEEEEEE
MMMMMMMMMMMMMMMMMMMMMMMMM
MMMMMMMMMMMMMMMMMMMMMMMMM
TTTTQQQQQQQQQQQPPPPPPPPPP
TTTTQQQQQQQQQQQPPPPPPPPPP
TTTTQQQQQQQQQQQPPPPPPPPPP
DDDDDDDDDDDDDDDDDDDDDDDDD
LLLLLLLLLLLLLLLLLLLLLLLLL
NNNNNNNNNNNNNNNNNNNNNNNNN
NNNNNNNNNNNNNNNNNNNNNNNNN
WWWWWWWWWWWWWWWWWWWWWWWWW
WWWWWWWWWWWWWWWWWWWWWWWWW
WWWWWWWWWWWWWWWWWWWWWWWWW
BBBBBBBBBBBBBBBBBBBBBBBBB
USSSSSSSSSGGGGGGGGGGGGGGG
KKKKVVVVVVVVVVVVVVVVVVVVV
FFFFFFFFFFFFFFFFFFFFFFFFF
Case #20:
AAAAAAAAAAAAAAAAAAAAAAAAA
BBBBBBBBBBBBBBBBBBBBBBBBB
CCCCCCCCCCCCCCCCCCCCCCCCC
DDDDDDDDDDDDDDDDDDDDDDDDD
EEEEEEEEEEEEEEEEEEEEEEEEE
FFFFFFFFFFFFFFFFFFFFFFFFF
GGGGGGGGGGGGGGGGGGGGGGGGG
HHHHHHHHHHHHHHHHHHHHHHHHH
IIIIIIIIIIIIIIIIIIIIIIIII
JJJJJJJJJJJJJJJJJJJJJJJJJ
KKKKKKKKKKKKKKKKKKKKKKKKK
LLLLLLLLLLLLLLLLLLLLLLLLL
MMMMMMMMMMMMMMMMMMMMMMMMM
NNNNNNNNNNNNNNNNNNNNNNNNN
OOOOOOOOOOOOOOOOOOOOOOOOO
PPPPPPPPPPPPPPPPPPPPPPPPP
QQQQQQQQQQQQQQQQQQQQQQQQQ
RRRRRRRRRRRRRRRRRRRRRRRRR
SSSSSSSSSSSSSSSSSSSSSSSSS
TTTTTTTTTTTTTTTTTTTTTTTTT
UUUUUUUUUUUUUUUUUUUUUUUUU
VVVVVVVVVVVVVVVVVVVVVVVVV
WWWWWWWWWWWWWWWWWWWWWWWWW
XXXXXXXXXXXXXXXXXXXXXXXXX
YYYYYYYYYYYYYYYYYYYYYYYYY
Case #21:
AAAA
AAAA
AAAA
AAAA
Case #22:
A
Case #23:
ZZZZZZZZZZZZZZZZMFFCLLNNA
EEEEEEEEEEEEEEEEEEERRBBBB
GGGGGGGGGGGGGGGGGHHHQQQQQ
KKKKKKKKKKKKKKKKKKSPPYWVX
TTTTTTTTTTTTTTTTTTTIDDDDD
OOOOOOOOOOOOOOOOOOOOUUUUU
JJJJJJJJJJJJJJJJJJJJJJJJJ
JJJJJJJJJJJJJJJJJJJJJJJJJ
JJJJJJJJJJJJJJJJJJJJJJJJJ
JJJJJJJJJJJJJJJJJJJJJJJJJ
JJJJJJJJJJJJJJJJJJJJJJJJJ
JJJJJJJJJJJJJJJJJJJJJJJJJ
JJJJJJJJJJJJJJJJJJJJJJJJJ
JJJJJJJJJJJJJJJJJJJJJJJJJ
JJJJJJJJJJJJJJJJJJJJJJJJJ
JJJJJJJJJJJJJJJJJJJJJJJJJ
JJJJJJJJJJJJJJJJJJJJJJJJJ
JJJJJJJJJJJJJJJJJJJJJJJJJ
JJJJJJJJJJJJJJJJJJJJJJJJJ
JJJJJJJJJJJJJJJJJJJJJJJJJ
JJJJJJJJJJJJJJJJJJJJJJJJJ
JJJJJJJJJJJJJJJJJJJJJJJJJ
JJJJJJJJJJJJJJJJJJJJJJJJJ
JJJJJJJJJJJJJJJJJJJJJJJJJ
JJJJJJJJJJJJJJJJJJJJJJJJJ
Case #24:
ABBCCDDEEFFGGHHIIJJKKLLMM
NNOOPPQQRRSSTTUUVVWWXXYYY
ZZZZZZZZZZZZZZZZZZZZZZZZZ
ZZZZZZZZZZZZZZZZZZZZZZZZZ
ZZZZZZZZZZZZZZZZZZZZZZZZZ
ZZZZZZZZZZZZZZZZZZZZZZZZZ
ZZZZZZZZZZZZZZZZZZZZZZZZZ
ZZZZZZZZZZZZZZZZZZZZZZZZZ
ZZZZZZZZZZZZZZZZZZZZZZZZZ
ZZZZZZZZZZZZZZZZZZZZZZZZZ
ZZZZZZZZZZZZZZZZZZZZZZZZZ
ZZZZZZZZZZZZZZZZZZZZZZZZZ
ZZZZZZZZZZZZZZZZZZZZZZZZZ
ZZZZZZZZZZZZZZZZZZZZZZZZZ
ZZZZZZZZZZZZZZZZZZZZZZZZZ
ZZZZZZZZZZZZZZZZZZZZZZZZZ
ZZZZZZZZZZZZZZZZZZZZZZZZZ
ZZZZZZZZZZZZZZZZZZZZZZZZZ
ZZZZZZZZZZZZZZZZZZZZZZZZZ
ZZZZZZZZZZZZZZZZZZZZZZZZZ
ZZZZZZZZZZZZZZZZZZZZZZZZZ
ZZZZZZZZZZZZZZZZZZZZZZZZZ
ZZZZZZZZZZZZZZZZZZZZZZZZZ
ZZZZZZZZZZZZZZZZZZZZZZZZZ
ZZZZZZZZZZZZZZZZZZZZZZZZZ
Case #25:
NNNNNNNNNNNNNNNNNNNNNNNNN
GMMMMMMMMMMPPPPPPPPPPPPPP
GMMMMMMMMMMPPPPPPPPPPPPPP
GMMMMMMMMMMPPPPPPPPPPPPPP
WWWWWWWWWWWWWWWWWWWWWWWWW
WWWWWWWWWWWWWWWWWWWWWWWWW
HHHHHHHHHHHHHHHHHHHHHHHHH
XXXXXXXXXXXXXXXXXXXXXXXXX
XXXXXXXXXXXXXXXXXXXXXXXXX
KKKEEEEEEEEEEEEEEEELLLLLL
RRRRRRRAAAAAAAAAAAAAAAAAA
RRRRRRRAAAAAAAAAAAAAAAAAA
UUUUUUUUUUUUUUUUUUUUUUUUU
UUUUUUUUUUUUUUUUUUUUUUUUU
BBBBBJJJJJJJJJJJJJJJJJJJJ
OOOOOOOOOOOOOOOOOOOOOOOOO
OOOOOOOOOOOOOOOOOOOOOOOOO
VVVVVVVVVVVVVVVVVVVVVVVVV
VVVVVVVVVVVVVVVVVVVVVVVVV
IIIIIIIIIIIIIIIIIIIIIIIII
DDDDDDDQQQQQQQQQQQQQQQQQQ
CCCCCCCCCCCCCSSSSSSSSSSSS
TTTTTTTTTTTTTTYYYYYYYYYYY
FFFFFFFFFFFFFFFFFFFFFFFFF
Case #26:
AB
Case #27:
A
B
Case #28:
DAE
BIH
GFC
Case #29:
AAAAAAAAAAAAAAAAAAAAAAAAA
DDDDDDDDDDDDDDDDLLLLLLLLL
ZZZZZZZZZZZZZZZZZZZZZZZZZ
RRRRNNNNNNNNNNNNNNNNNNNNN
CCCCCCYYYYYYYYYYYYYYYYYYY
CCCCCCYYYYYYYYYYYYYYYYYYY
MMMMMMMMMMMMMMMMMMMMMMMMM
MMMMMMMMMMMMMMMMMMMMMMMMM
MMMMMMMMMMMMMMMMMMMMMMMMM
MMMMMMMMMMMMMMMMMMMMMMMMM
EEEEEEEGGGGGGGGGGGGGGGGGG
OOOOOOOOOKKBBBBBBBBBBBBBB
OOOOOOOOOKKBBBBBBBBBBBBBB
WWWWWWWWWWWWWWWWWWWWWWWWW
PPPPPPPPPPPPPPPPPPPPPPPPP
SSXXXXXXJJJJJJJJJJJJJJJJJ
HHHHHHHHHHHHHHHHHHHHHHHHH
IIIIIIIIIIIIIIIIIIIIIIIII
IIIIIIIIIIIIIIIIIIIIIIIII
IIIIIIIIIIIIIIIIIIIIIIIII
UUUUUUUUUUUUUUUUUUUUUUUUU
TTTTTTTTTTTTTTTTTTTTTTTTT
QQQQQQQQQQQQQQQQQQQQQQQQQ
VVVVVVVVVVVVVVVVVVVVVVVVV
FFFFFFFFFFFFFFFFFFFFFFFFF
Case #30:
AAAAA
AAAAA
AAAAA
AAAAA
AAAAA
BBBBB
BBBBB
Case #31:
KKKKKKKKKKKKKKKKKKEEEEEEE
LLLLLLLLWWWWWWCCCCCCCCCCC
JJJIIIIIIIIIIIIIIIIIIIIII
ZZZZZZZZZZZZZZZZZZZZZZZZZ
AAAAAAAAAAAAAAAAAAAAAAAAA
TTTTTTTTTTTTTTTTTTTTTTTTT
TTTTTTTTTTTTTTTTTTTTTTTTT
UUUUUUUUUUUUUUUUUUUUUUUUU
BBBBBBBBBBBBBBBBBBBBBBBBB
NNNNNNNNNNNNNNNNNNNNNNNNN
NNNNNNNNNNNNNNNNNNNNNNNNN
RRRRRRRRRRRRRRRRRRRRRRRRR
RRRRRRRRRRRRRRRRRRRRRRRRR
XXXXXXXXXXXXXXXXXXXXXXXXX
FFFFHHHHHHHHHHHHHHHHHHHHH
YYYYYYYYYYYYYYYYYYYYYYYYY
YYYYYYYYYYYYYYYYYYYYYYYYY
PPPPPPPPPPPPPPPPPPPPPPPPP
QQQQQQQQQQQQQQQQQQQQQQQQQ
QQQQQQQQQQQQQQQQQQQQQQQQQ
OOOOOOOOOOOOOOOODDDDDDDDD
OOOOOOOOOOOOOOOODDDDDDDDD
MMMMMMMMMMMMMMSSGGGGGGGGG
VVVVVVVVVVVVVVVVVVVVVVVVV
VVVVVVVVVVVVVVVVVVVVVVVVV
Case #32:
ABCDEFGHIJKLMNOPQRSTUVWXY
ABCDEFGHIJKLMNOPQRSTUVWXY
ABCDEFGHIJKLMNOPQRSTUVWXY
ABCDEFGHIJKLMNOPQRSTUVWXY
ABCDEFGHIJKLMNOPQRSTUVWXY
ABCDEFGHIJKLMNOPQRSTUVWXY
ABCDEFGHIJKLMNOPQRSTUVWXY
ABCDEFGHIJKLMNOPQRSTUVWXY
ABCDEFGHIJKLMNOPQRSTUVWXY
ABCDEFGHIJKLMNOPQRSTUVWXY
ABCDEFGHIJKLMNOPQRSTUVWXY
ABCDEFGHIJKLMNOPQRSTUVWXY
ABCDEFGHIJKLMNOPQRSTUVWXY
ABCDEFGHIJKLMNOPQRSTUVWXY
ABCDEFGHIJKLMNOPQRSTUVWXY
ABCDEFGHIJKLMNOPQRSTUVWXY
ABCDEFGHIJKLMNOPQRSTUVWXY
ABCDEFGHIJKLMNOPQRSTUVWXY
ABCDEFGHIJKLMNOPQRSTUVWXY
ABCDEFGHIJKLMNOPQRSTUVWXY
ABCDEFGHIJKLMNOPQRSTUVWXY
ABCDEFGHIJKLMNOPQRSTUVWXY
ABCDEFGHIJKLMNOPQRSTUVWXY
ABCDEFGHIJKLMNOPQRSTUVWXY
ABCDEFGHIJKLMNOPQRSTUVWXY
Case #33:
D
H
C
J
J
L
L
L
L
L
G
G
B
B
B
B
F
M
A
A
A
I
K
E
E
Case #34:
ABCDEFGHIJKLMNOPQRSTUVWXY
ABCDEFGHIJKLMNOPQRSTUVWXY
ABCDEFGHIJKLMNOPQRSTUVWXY
ABCDEFGHIJKLMNOPQRSTUVWXY
ABCDEFGHIJKLMNOPQRSTUVWXY
ABCDEFGHIJKLMNOPQRSTUVWXY
ABCDEFGHIJKLMNOPQRSTUVWXY
ABCDEFGHIJKLMNOPQRSTUVWXY
ABCDEFGHIJKLMNOPQRSTUVWXY
ABCDEFGHIJKLMNOPQRSTUVWXY
ABCDEFGHIJKLMNOPQRSTUVWXY
ABCDEFGHIJKLMNOPQRSTUVWXY
ABCDEFGHIJKLMNOPQRSTUVWXY
ABCDEFGHIJKLMNOPQRSTUVWXY
ABCDEFGHIJKLMNOPQRSTUVWXY
ABCDEFGHIJKLMNOPQRSTUVWXY
ABCDEFGHIJKLMNOPQRSTUVWXY
ABCDEFGHIJKLMNOPQRSTUVWXY
ABCDEFGHIJKLMNOPQRSTUVWXY
ABCDEFGHIJKLMNOPQRSTUVWXY
ABCDEFGHIJKLMNOPQRSTUVWXY
ABCDEFGHIJKLMNOPQRSTUVWXY
ABCDEFGHIJKLMNOPQRSTUVWXY
ABCDEFGHIJKLMNOPQRSTUVWXY
ABCDEFGHIJKLMNOPQRSTUVWXY
Case #35:
OOOOOOOOOOOOOOOOOOOOOOOOO
NNNNNNEEEETTTTTTTTTTTTTTT
GGGGGGGGGGGGGGGGGGGGGGGGG
VVVVVVVVVVVVZZZZZZUUUUUUU
SSSSSSSSSSSSSSSSSSSSSSSSS
MMMMMMMMMMMMMMMMMMMMMMBBB
AAAAAAAAAAAAAAAAAAAAAAAAA
JJJJJJJJJJFFPPPPPPPPPPPPP
JJJJJJJJJJFFPPPPPPPPPPPPP
KKKKKKKKKKKKKKKKKKYYYYYYY
IIIIIIIIIIIIIIIIIIIIIIIII
IIIIIIIIIIIIIIIIIIIIIIIII
IIIIIIIIIIIIIIIIIIIIIIIII
DDDDDDDDDDDDDDDDDDDDDDDDD
DDDDDDDDDDDDDDDDDDDDDDDDD
DDDDDDDDDDDDDDDDDDDDDDDDD
DDDDDDDDDDDDDDDDDDDDDDDDD
XXXXXXXXXXXXXXXXXXXXXXXXX
HHHHCCCCCCCCCCCCCCCCCCCCC
HHHHCCCCCCCCCCCCCCCCCCCCC
HHHHCCCCCCCCCCCCCCCCCCCCC
LLLLLLLLLLLLLLLLLLLLLLLLL
RRRRRRRRRRRRRRRRWWWWWWWWW
QQQQQQQQQQQQQQQQQQQQQQQQQ
QQQQQQQQQQQQQQQQQQQQQQQQQ
Case #36:
AA
AA
Case #37:
HHHHHHHHHHHHHHHHHHHHHHHHH
YYYYYYYYYYYYYYYYYYYYYYYYY
XXXXXXXXXXXXXXXXXXDDDDDDD
LLLLLLLLLLLLLLLLLLLLLLLLL
LLLLLLLLLLLLLLLLLLLLLLLLL
LLLLLLLLLLLLLLLLLLLLLLLLL
LLLLLLLLLLLLLLLLLLLLLLLLL
LLLLLLLLLLLLLLLLLLLLLLLLL
AAAAAAAAAAAAAAAAAAAAAAAAA
OOOOOOOOOOZZZZZZZZZZZZZZZ
CCCCCCCCCCCCCCCCGGGGGGGGG
EEEEEEEEEEEEEEEEEEEEEEEEE
EEEEEEEEEEEEEEEEEEEEEEEEE
BBBBBBBBBBBBBBBBBBBBBBBBB
FFFFFFFFFFFFFFFFFFFFFFFFF
RNNIIIIIIIIIIIIIIIIIIIIII
QQQQQQQQQQQQQQQQQQQQKKKKK
PPPPSSSSSSSSSSSSSSSSSSSSS
PPPPSSSSSSSSSSSSSSSSSSSSS
JJJJJVVVVVVVVVVVVVVVVVVVV
WWWWWWWWWWWWWWWWWWWWWWWWW
WWWWWWWWWWWWWWWWWWWWWWWWW
WWWWWWWWWWWWWWWWWWWWWWWWW
MMMMMMMMMMMMMMMMUUUUUUUUU
TTTTTTTTTTTTTTTTTTTTTTTTT
Case #38:
ACCCCCCCCCCCCCCCCCCCCCCCC
ACCCCCCCCCCCCCCCCCCCCCCCC
ACCCCCCCCCCCCCCCCCCCCCCCC
ACCCCCCCCCCCCCCCCCCCCCCCC
ACCCCCCCCCCCCCCCCCCCCCCCC
ACCCCCCCCCCCCCCCCCCCCCCCC
EEEEEEEEEEEEEEEEEEEEEEEEE
BDDDDDDDDDDDDDDDDDDDDDDDD
BDDDDDDDDDDDDDDDDDDDDDDDD
BDDDDDDDDDDDDDDDDDDDDDDDD
BDDDDDDDDDDDDDDDDDDDDDDDD
BDDDDDDDDDDDDDDDDDDDDDDDD
BDDDDDDDDDDDDDDDDDDDDDDDD
BDDDDDDDDDDDDDDDDDDDDDDDD
BDDDDDDDDDDDDDDDDDDDDDDDD
BDDDDDDDDDDDDDDDDDDDDDDDD
BDDDDDDDDDDDDDDDDDDDDDDDD
BDDDDDDDDDDDDDDDDDDDDDDDD
BDDDDDDDDDDDDDDDDDDDDDDDD
BDDDDDDDDDDDDDDDDDDDDDDDD
BDDDDDDDDDDDDDDDDDDDDDDDD
BDDDDDDDDDDDDDDDDDDDDDDDD
BDDDDDDDDDDDDDDDDDDDDDDDD
BDDDDDDDDDDDDDDDDDDDDDDDD
BDDDDDDDDDDDDDDDDDDDDDDDD
Case #39:
JJJKGODDBBBBVVVZNHCEESUUU
WXXAAQQQFTLLMMMMMMPRYYYYI
Case #40:
OOOOOOOOOOOOOOOOOOOOOOOOO
OOOOOOOOOOOOOOOOOOOOOOOOO
OOOOOOOOOOOOOOOOOOOOOOOOO
OOOOOOOOOOOOOOOOOOOOOOOOO
OOOOOOOOOOOOOOOOOOOOOOOOO
OOOOOOOOOOOOOOOOOOOOOOOOO
YYYYYYYYYYYYYYYYYYYYYYAAA
RRRRRRRRRRRRRRRRRRRVVPPPP
IIIIIIIIIIIIIIIIIIXXXGGGG
IIIIIIIIIIIIIIIIIIXXXGGGG
KKKKKKKKKKKKKKKKKKKKEEEEE
NNNNNNNNNNNNNNMMMMMMMMMMM
JJJJJJJJJJJJJJFFFFFFFFFFF
WWWWWWWWWWWWWWWWWWWWWWLQQ
TTTTTTTTTTTTTTTTTTTTTTTTT
HHHHHHHHHHHHHHHHHHHDDDDDD
SSSSSSSSSSSSSSSSSSSSSCCCC
UUUUUUUUUUUUUUUUUUUUUUUUU
BBBBBBBBBBBBBBBBBBBBBBBZZ
BBBBBBBBBBBBBBBBBBBBBBBZZ
BBBBBBBBBBBBBBBBBBBBBBBZZ
BBBBBBBBBBBBBBBBBBBBBBBZZ
BBBBBBBBBBBBBBBBBBBBBBBZZ
BBBBBBBBBBBBBBBBBBBBBBBZZ
BBBBBBBBBBBBBBBBBBBBBBBZZ
Case #41:
IIIIIIIIIIIIIIIIIIIIIIIII
WWWWWWWWWWWWWWWWWWWWWWWWW
WWWWWWWWWWWWWWWWWWWWWWWWW
HHHHHHHHHHHHHHHHHHHHHHHHH
HHHHHHHHHHHHHHHHHHHHHHHHH
CCCCCCCCCCCCCCCCCCCCCCCCC
DDDDDDDDDDDDDDDDDDDDDDDDD
MMMMMMMMMOOOOOOOOOOOOOOOO
SSSSSSSSSSSSSSSSSSSSSSSSS
LLLLLLLLLLLLLLLLLLLLLLLLL
VVVVVVVVVVAAAAAAAAAAAAAAA
YYYYYYYYYYYYYYYYYYYYYYYYY
FFFFFFFFFFFFFFFFFFFFFFFFF
QQQQQQQQQQQQQQQQQQQQQQQQQ
KKKKKKKKNNXXXXXXXZZZZZZZZ
KKKKKKKKNNXXXXXXXZZZZZZZZ
PPPPPPPPPPPPPPPPPPPPPPPPP
PPPPPPPPPPPPPPPPPPPPPPPPP
PPPPPPPPPPPPPPPPPPPPPPPPP
UUUUUUUUUUUUUUUUUUUUUUUUU
JJJJJJJJJJJJJJJJJJJBBBBBB
TTTTTTTTTTTTTTTTTTTTTTTTT
TTTTTTTTTTTTTTTTTTTTTTTTT
RRRRRRRRRRRRRRRRRRRRRRRGG
EEEEEEEEEEEEEEEEEEEEEEEEE
Case #42:
AAAAAAAAAAAAAAAAAAAAAAAAA
AAAAAAAAAAAAAAAAAAAAAAAAA
AAAAAAAAAAAAAAAAAAAAAAAAA
AAAAAAAAAAAAAAAAAAAAAAAAA
AAAAAAAAAAAAAAAAAAAAAAAAA
AAAAAAAAAAAAAAAAAAAAAAAAA
AAAAAAAAAAAAAAAAAAAAAAAAA
AAAAAAAAAAAAAAAAAAAAAAAAA
AAAAAAAAAAAAAAAAAAAAAAAAA
AAAAAAAAAAAAAAAAAAAAAAAAA
AAAAAAAAAAAAAAAAAAAAAAAAA
AAAAAAAAAAAAAAAAAAAAAAAAA
AAAAAAAAAAAAAAAAAAAAAAAAA
AAAAAAAAAAAAAAAAAAAAAAAAA
AAAAAAAAAAAAAAAAAAAAAAAAA
AAAAAAAAAAAAAAAAAAAAAAAAA
AAAAAAAAAAAAAAAAAAAAAAAAA
AAAAAAAAAAAAAAAAAAAAAAAAA
AAAAAAAAAAAAAAAAAAAAAAAAA
AAAAAAAAAAAAAAAAAAAAAAAAA
AAAAAAAAAAAAAAAAAAAAAAAAA
AAAAAAAAAAAAAAAAAAAAAAAAA
AAAAAAAAAAAAAAAAAAAAAAAAA
AAAAAAAAAAAAAAAAAAAAAAAAA
AAAAAAAAAAAAAAAAAAAAAAAAA
Case #43:
AAAAAAAAAAAAAAAAAACCCCCCC
AAAAAAAAAAAAAAAAAACCCCCCC
AAAAAAAAAAAAAAAAAACCCCCCC
AAAAAAAAAAAAAAAAAACCCCCCC
AAAAAAAAAAAAAAAAAACCCCCCC
AAAAAAAAAAAAAAAAAACCCCCCC
AAAAAAAAAAAAAAAAAACCCCCCC
AAAAAAAAAAAAAAAAAACCCCCCC
AAAAAAAAAAAAAAAAAACCCCCCC
AAAAAAAAAAAAAAAAAACCCCCCC
AAAAAAAAAAAAAAAAAACCCCCCC
AAAAAAAAAAAAAAAAAACCCCCCC
AAAAAAAAAAAAAAAAAACCCCCCC
AAAAAAAAAAAAAAAAAACCCCCCC
AAAAAAAAAAAAAAAAAACCCCCCC
AAAAAAAAAAAAAAAAAACCCCCCC
AAAAAAAAAAAAAAAAAACCCCCCC
AAAAAAAAAAAAAAAAAACCCCCCC
EEEEEEEEEEEEEEEEEEEEEEEEE
BBBBBBBBBBBBBBBBBBDDDDDDD
BBBBBBBBBBBBBBBBBBDDDDDDD
BBBBBBBBBBBBBBBBBBDDDDDDD
BBBBBBBBBBBBBBBBBBDDDDDDD
BBBBBBBBBBBBBBBBBBDDDDDDD
BBBBBBBBBBBBBBBBBBDDDDDDD
Case #44:
ABCDEFGHIJKLMNOPQRSTUVWXY
ABCDEFGHIJKLMNOPQRSTUVWXY
ABCDEFGHIJKLMNOPQRSTUVWXY
ABCDEFGHIJKLMNOPQRSTUVWXY
ABCDEFGHIJKLMNOPQRSTUVWXY
ABCDEFGHIJKLMNOPQRSTUVWXY
ABCDEFGHIJKLMNOPQRSTUVWXY
ABCDEFGHIJKLMNOPQRSTUVWXY
ABCDEFGHIJKLMNOPQRSTUVWXY
ABCDEFGHIJKLMNOPQRSTUVWXY
ABCDEFGHIJKLMNOPQRSTUVWXY
ABCDEFGHIJKLMNOPQRSTUVWXY
ABCDEFGHIJKLMNOPQRSTUVWXY
ABCDEFGHIJKLMNOPQRSTUVWXY
ABCDEFGHIJKLMNOPQRSTUVWXY
ABCDEFGHIJKLMNOPQRSTUVWXY
ABCDEFGHIJKLMNOPQRSTUVWXY
ABCDEFGHIJKLMNOPQRSTUVWXY
ABCDEFGHIJKLMNOPQRSTUVWXY
ABCDEFGHIJKLMNOPQRSTUVWXY
ABCDEFGHIJKLMNOPQRSTUVWXY
ABCDEFGHIJKLMNOPQRSTUVWXY
ABCDEFGHIJKLMNOPQRSTUVWXY
ABCDEFGHIJKLMNOPQRSTUVWXY
ABCDEFGHIJKLMNOPQRSTUVWXY
Case #45:
HCMBBBDLFJEKIAGGGGGGGGGGG
Case #46:
AAAAAAAAAAAAAAAAAAAAAAAAA
BBBBBBBBBBBBBBBBBBBBBBBBB
CCCCCCCCCCCCCCCCCCCCCCCCC
DDDDDDDDDDDDDDDDDDDDDDDDD
EEEEEEEEEEEEEEEEEEEEEEEEE
FFFFFFFFFFFFFFFFFFFFFFFFF
GGGGGGGGGGGGGGGGGGGGGGGGG
HHHHHHHHHHHHHHHHHHHHHHHHH
IIIIIIIIIIIIIIIIIIIIIIIII
JJJJJJJJJJJJJJJJJJJJJJJJJ
KKKKKKKKKKKKKKKKKKKKKKKKK
LLLLLLLLLLLLLLLLLLLLLLLLL
MMMMMMMMMMMMMMMMMMMMMMMMM
NNNNNNNNNNNNNNNNNNNNNNNNN
OOOOOOOOOOOOOOOOOOOOOOOOO
PPPPPPPPPPPPPPPPPPPPPPPPP
QQQQQQQQQQQQQQQQQQQQQQQQQ
RRRRRRRRRRRRRRRRRRRRRRRRR
SSSSSSSSSSSSSSSSSSSSSSSSS
TTTTTTTTTTTTTTTTTTTTTTTTT
UUUUUUUUUUUUUUUUUUUUUUUUU
VVVVVVVVVVVVVVVVVVVVVVVVV
WWWWWWWWWWWWWWWWWWWWWWWWW
XXXXXXXXXXXXXXXXXXXXXXXXX
YYYYYYYYYYYYYYYYYYYYYYYYY
Case #47:
VVVVVVVVVVVVNNNNNNNNNNNNN
ZZZZZZZZZZZZZZZZZZZZZZZZZ
MMMMMMMMMMMLLLLLLLLLLLLLL
JJJJJJJJJJRCCCCCCCCCCCCCC
EEEEEEEHQQQQGGGGGGGGGGGGG
DDDDDDDDDDDDDYYYYYYYYYYYY
BBBBBBBBBIIIIIIIIIIIIIIII
AAAAAAAAAAAAAAAAAAWWWWWWW
FFFFFFFFFFFXXXOOSSSSSSSSS
KKKKKKKKKKKKKKTUUUUUUUUUU
KKKKKKKKKKKKKKTUUUUUUUUUU
PPPPPPPPPPPPPPPPPPPPPPPPP
PPPPPPPPPPPPPPPPPPPPPPPPP
PPPPPPPPPPPPPPPPPPPPPPPPP
PPPPPPPPPPPPPPPPPPPPPPPPP
PPPPPPPPPPPPPPPPPPPPPPPPP
PPPPPPPPPPPPPPPPPPPPPPPPP
PPPPPPPPPPPPPPPPPPPPPPPPP
PPPPPPPPPPPPPPPPPPPPPPPPP
PPPPPPPPPPPPPPPPPPPPPPPPP
PPPPPPPPPPPPPPPPPPPPPPPPP
PPPPPPPPPPPPPPPPPPPPPPPPP
PPPPPPPPPPPPPPPPPPPPPPPPP
PPPPPPPPPPPPPPPPPPPPPPPPP
PPPPPPPPPPPPPPPPPPPPPPPPP
Case #48:
OOOOOOOOOOOOOOOOOOOOOOOOO
PPPPPPPPPPPPPPPPPPPPPPPPP
YYYTTTTTTTTTTTTTTTTTTTTTT
WWWWWWWWWWWWWWWWWWWEEEEEE
UUZZZZZZZZZZZZZZZZZZZZZZZ
CCCMMMMMMMMMMMMMMMMMMMMMM
CCCMMMMMMMMMMMMMMMMMMMMMM
BBBBBBBBBBBBBBBBBBBBBBBBB
DDDDDDDDDDDDDDDDDDDDDDDDD
SSSSSSSSSSSSSSSSSSSSSSSSS
HHHHHHHHHHHHHHHHHHHHHHHHH
RRRRKKKKKKKKKKKKKKKKKKKKK
AAAAAAAAAAAAAANNNNNNNNNNN
XXXXXXXXXXXXXXXXXXXXXXXXX
XXXXXXXXXXXXXXXXXXXXXXXXX
LLLLLLJJJJJJJJJJJJJJJJJJJ
LLLLLLJJJJJJJJJJJJJJJJJJJ
LLLLLLJJJJJJJJJJJJJJJJJJJ
LLLLLLJJJJJJJJJJJJJJJJJJJ
QQQQQQQQQQQQQQQQQQQQQQQQQ
FFFFFFFFFFFFFFFFFFFFFFFFF
FFFFFFFFFFFFFFFFFFFFFFFFF
GGGGGVVVVVVVVVVVVVVVVVVVV
IIIIIIIIIIIIIIIIIIIIIIIII
IIIIIIIIIIIIIIIIIIIIIIIII
Case #49:
JJJJJJJJJJJJJJJKKKKKKKKKK
ZZZZZZZZZZZZZZZZZZZZZZZZZ
AAAAAAAAAAAAAAAAIIIIIIIII
EEEEEEEEEEEEEXXXXXXXXXXXX
BBBBBBBBBBBBBBGPPQQUUMMMM
CCCCCCCCCCCCCCOLFFFFFFFFF
HHHHHHHHHHHHHHHHYYYYYYYYY
TTTTTTTTTTTTTDDDDDDDDDDDD
RRRRRRRRRRRRRRRRRRWWWWWWW
VVVVVVVVVVVVVVVVVVVNNNNNN
SSSSSSSSSSSSSSSSSSSSSSSSS
SSSSSSSSSSSSSSSSSSSSSSSSS
SSSSSSSSSSSSSSSSSSSSSSSSS
SSSSSSSSSSSSSSSSSSSSSSSSS
SSSSSSSSSSSSSSSSSSSSSSSSS
SSSSSSSSSSSSSSSSSSSSSSSSS
SSSSSSSSSSSSSSSSSSSSSSSSS
SSSSSSSSSSSSSSSSSSSSSSSSS
SSSSSSSSSSSSSSSSSSSSSSSSS
SSSSSSSSSSSSSSSSSSSSSSSSS
SSSSSSSSSSSSSSSSSSSSSSSSS
SSSSSSSSSSSSSSSSSSSSSSSSS
SSSSSSSSSSSSSSSSSSSSSSSSS
SSSSSSSSSSSSSSSSSSSSSSSSS
SSSSSSSSSSSSSSSSSSSSSSSSS
Case #50:
IIIIIIIIIIIIIIIIIIYNNKMWW
PPPPPPPPPPPPPPPPPPFFFJOCC
QQQQQQQQQQQQQQQQQQQGGEDDD
UUUUUUUUUUUUUUUUUUUZZZZZZ
LLLLLLLLLLLLLLLLLLLLLLXXX
RRRRRRRRRRRRRRRRRRRRRRRRT
SSSSSSSSSSSSSSSSSSSSSSBBB
AAAAAAAAAAAAAAAAAAAAAAAHH
VVVVVVVVVVVVVVVVVVVVVVVVV
VVVVVVVVVVVVVVVVVVVVVVVVV
VVVVVVVVVVVVVVVVVVVVVVVVV
VVVVVVVVVVVVVVVVVVVVVVVVV
VVVVVVVVVVVVVVVVVVVVVVVVV
VVVVVVVVVVVVVVVVVVVVVVVVV
VVVVVVVVVVVVVVVVVVVVVVVVV
VVVVVVVVVVVVVVVVVVVVVVVVV
VVVVVVVVVVVVVVVVVVVVVVVVV
VVVVVVVVVVVVVVVVVVVVVVVVV
VVVVVVVVVVVVVVVVVVVVVVVVV
VVVVVVVVVVVVVVVVVVVVVVVVV
VVVVVVVVVVVVVVVVVVVVVVVVV
VVVVVVVVVVVVVVVVVVVVVVVVV
VVVVVVVVVVVVVVVVVVVVVVVVV
VVVVVVVVVVVVVVVVVVVVVVVVV
VVVVVVVVVVVVVVVVVVVVVVVVV
Case #51:
AAAAACCCCCCCCCCCCCCCCCCCC
AAAAACCCCCCCCCCCCCCCCCCCC
EEEEEEEEEEEEEEEEEEEEEEEEE
BBBBBDDDDDDDDDDDDDDDDDDDD
BBBBBDDDDDDDDDDDDDDDDDDDD
BBBBBDDDDDDDDDDDDDDDDDDDD
BBBBBDDDDDDDDDDDDDDDDDDDD
FFFFFFFFFFFFFFFGGGGGGGGGG
FFFFFFFFFFFFFFFGGGGGGGGGG
FFFFFFFFFFFFFFFGGGGGGGGGG
FFFFFFFFFFFFFFFGGGGGGGGGG
FFFFFFFFFFFFFFFGGGGGGGGGG
FFFFFFFFFFFFFFFGGGGGGGGGG
FFFFFFFFFFFFFFFGGGGGGGGGG
HHHHHHHHHHHHHHHHHHHHHHHHH
IIIIIIIIIIIIIIIIIIIIIIIII
JJJJJJJJJJJJJJJJJJJJJJJJJ
JJJJJJJJJJJJJJJJJJJJJJJJJ
JJJJJJJJJJJJJJJJJJJJJJJJJ
JJJJJJJJJJJJJJJJJJJJJJJJJ
JJJJJJJJJJJJJJJJJJJJJJJJJ
JJJJJJJJJJJJJJJJJJJJJJJJJ
JJJJJJJJJJJJJJJJJJJJJJJJJ
JJJJJJJJJJJJJJJJJJJJJJJJJ
JJJJJJJJJJJJJJJJJJJJJJJJJ
Case #52:
AAAAAACCCCCCCCCCCCCCCCCCC
AAAAAACCCCCCCCCCCCCCCCCCC
AAAAAACCCCCCCCCCCCCCCCCCC
AAAAAACCCCCCCCCCCCCCCCCCC
EEEEEEEEEEEEEEEEEEEEEEEEE
BBBBBBDDDDDDDDDDDDDDDDDDD
BBBBBBDDDDDDDDDDDDDDDDDDD
BBBBBBDDDDDDDDDDDDDDDDDDD
BBBBBBDDDDDDDDDDDDDDDDDDD
FFFFFFFFFFFFFFFFFGGGGGGGG
FFFFFFFFFFFFFFFFFGGGGGGGG
FFFFFFFFFFFFFFFFFGGGGGGGG
FFFFFFFFFFFFFFFFFGGGGGGGG
FFFFFFFFFFFFFFFFFGGGGGGGG
HHHHHHHHHHHHHHHHHHHHHHHHH
IIIIIIIIIIIIIIIIIIIIIIIII
JJJJJJJJJJJJJJJJJJJJJJJJJ
JJJJJJJJJJJJJJJJJJJJJJJJJ
JJJJJJJJJJJJJJJJJJJJJJJJJ
JJJJJJJJJJJJJJJJJJJJJJJJJ
JJJJJJJJJJJJJJJJJJJJJJJJJ
JJJJJJJJJJJJJJJJJJJJJJJJJ
JJJJJJJJJJJJJJJJJJJJJJJJJ
JJJJJJJJJJJJJJJJJJJJJJJJJ
JJJJJJJJJJJJJJJJJJJJJJJJJ
Case #53:
AAAAAAAAAAAAAAAAAAAAAAAAA
WWWWWWWWWWWWWWWWWWWWWWWWW
EEEEEEEEEEEEEEEEEEEEEEEEE
EEEEEEEEEEEEEEEEEEEEEEEEE
NNNNNNNNNNNNNNNNNNNNNNNNN
KKKKKKKKKKKKKKKKKKKKKKKKK
KKKKKKKKKKKKKKKKKKKKKKKKK
VVVVVVVVVVVVVVVVVVVVVVVVV
SSSSSHHHHHHHHHHHHHHHHHHHH
GGGGGGGGGGGGGGGGGGGGGGGGG
IIIIIIIIIIIIIIIIIIIIIIIII
YYYYYYYYYYYYDDDDDDDDDDDDD
BBBBBBBBBBBBBBBBBBBBBBBBB
BBBBBBBBBBBBBBBBBBBBBBBBB
FFFFFFFFFFFFFFFFFFFFFFFFF
TTTTTTTTTTTTTTTTTTTTTTTTT
LLLLLLLLLLLLLLLPPPPOOOOOO
LLLLLLLLLLLLLLLPPPPOOOOOO
LLLLLLLLLLLLLLLPPPPOOOOOO
ZZZZZZZZZZZZZZZZZJJJJJJJJ
RRRRRRRRRRRRRMMMMMMMMMMMM
XXXXXXXXXXXQQQQQQQQQQQQQQ
CCCCCCCCCCCCUUUUUUUUUUUUU
CCCCCCCCCCCCUUUUUUUUUUUUU
CCCCCCCCCCCCUUUUUUUUUUUUU
Case #54:
ZZZZZZZZZZZZZZZZZZZZZZZZZ
NNNNNNNNNNNNNNNNNNNNNNNNN
JJJJJJJJJJJJJJJJJJJJJJJJJ
FFFFFFFFFFFFFFFFFFFFFFFFF
PPPPPPPPDDDDDDDDDDDDDDDDD
PPPPPPPPDDDDDDDDDDDDDDDDD
PPPPPPPPDDDDDDDDDDDDDDDDD
PPPPPPPPDDDDDDDDDDDDDDDDD
XXXXYYYYYYYYYYYYYYYYYYYYY
XXXXYYYYYYYYYYYYYYYYYYYYY
XXXXYYYYYYYYYYYYYYYYYYYYY
KKKKKKKKKKKKKKKKKKKKKKKKK
QQQQBBBBBBBBBBBBBBBBBBBBB
LLLLLLLIIIIIIIIIIIIIIIIII
VVVVVVVVVVVVVVVVVVVVVVVVV
RRRRRRRRRRRRWWWWWWWWWWWWW
CCCCCCCCCCCCCCCCCCCCCCCCC
AAAAAAAAAAAAAAAAAAAAAAAAA
UUUUUUUUUUUUUUUUUUUUUUUUU
OOOOOOOOOOOOOOOOOOOOOOOOO
EEEEEEEEEEEEEEEEEEEEEEEEE
EEEEEEEEEEEEEEEEEEEEEEEEE
MMMSSSSSSSSSSSSSSSSSSSSSS
MMMSSSSSSSSSSSSSSSSSSSSSS
TTGGGHHHHHHHHHHHHHHHHHHHH
Case #55:
ABCDEFGHIJKLMNOPQRSTUVWXY
ABCDEFGHIJKLMNOPQRSTUVWXY
ABCDEFGHIJKLMNOPQRSTUVWXY
ABCDEFGHIJKLMNOPQRSTUVWXY
ABCDEFGHIJKLMNOPQRSTUVWXY
ABCDEFGHIJKLMNOPQRSTUVWXY
ABCDEFGHIJKLMNOPQRSTUVWXY
ABCDEFGHIJKLMNOPQRSTUVWXY
ABCDEFGHIJKLMNOPQRSTUVWXY
ABCDEFGHIJKLMNOPQRSTUVWXY
ABCDEFGHIJKLMNOPQRSTUVWXY
ABCDEFGHIJKLMNOPQRSTUVWXY
ABCDEFGHIJKLMNOPQRSTUVWXY
ABCDEFGHIJKLMNOPQRSTUVWXY
ABCDEFGHIJKLMNOPQRSTUVWXY
ABCDEFGHIJKLMNOPQRSTUVWXY
ABCDEFGHIJKLMNOPQRSTUVWXY
ABCDEFGHIJKLMNOPQRSTUVWXY
ABCDEFGHIJKLMNOPQRSTUVWXY
ABCDEFGHIJKLMNOPQRSTUVWXY
ABCDEFGHIJKLMNOPQRSTUVWXY
ABCDEFGHIJKLMNOPQRSTUVWXY
ABCDEFGHIJKLMNOPQRSTUVWXY
ABCDEFGHIJKLMNOPQRSTUVWXY
ABCDEFGHIJKLMNOPQRSTUVWXY
Case #56:
AAAAAA
DCCCCC
BBBBBB
BBBBBB
BBBBBB
BBBBBB
Case #57:
AAAABBBBBBBBBBBBBBBBBBBBB
AAAABBBBBBBBBBBBBBBBBBBBB
AAAABBBBBBBBBBBBBBBBBBBBB
AAAABBBBBBBBBBBBBBBBBBBBB
AAAABBBBBBBBBBBBBBBBBBBBB
AAAABBBBBBBBBBBBBBBBBBBBB
AAAABBBBBBBBBBBBBBBBBBBBB
AAAABBBBBBBBBBBBBBBBBBBBB
AAAABBBBBBBBBBBBBBBBBBBBB
CCCCCCCCCCCCCCCCCCCCCCCCC
DDDDDDDDDDDDDDDDDDDDDDDDD
EEEEEEEEEEEEEEEEEEEEEEEEE
EEEEEEEEEEEEEEEEEEEEEEEEE
EEEEEEEEEEEEEEEEEEEEEEEEE
EEEEEEEEEEEEEEEEEEEEEEEEE
EEEEEEEEEEEEEEEEEEEEEEEEE
EEEEEEEEEEEEEEEEEEEEEEEEE
EEEEEEEEEEEEEEEEEEEEEEEEE
EEEEEEEEEEEEEEEEEEEEEEEEE
EEEEEEEEEEEEEEEEEEEEEEEEE
EEEEEEEEEEEEEEEEEEEEEEEEE
EEEEEEEEEEEEEEEEEEEEEEEEE
EEEEEEEEEEEEEEEEEEEEEEEEE
EEEEEEEEEEEEEEEEEEEEEEEEE
EEEEEEEEEEEEEEEEEEEEEEEEE
Case #58:
AAAAAAAAAAAAAAAAAAACCCCCC
AAAAAAAAAAAAAAAAAAACCCCCC
AAAAAAAAAAAAAAAAAAACCCCCC
AAAAAAAAAAAAAAAAAAACCCCCC
AAAAAAAAAAAAAAAAAAACCCCCC
AAAAAAAAAAAAAAAAAAACCCCCC
AAAAAAAAAAAAAAAAAAACCCCCC
AAAAAAAAAAAAAAAAAAACCCCCC
AAAAAAAAAAAAAAAAAAACCCCCC
AAAAAAAAAAAAAAAAAAACCCCCC
AAAAAAAAAAAAAAAAAAACCCCCC
AAAAAAAAAAAAAAAAAAACCCCCC
AAAAAAAAAAAAAAAAAAACCCCCC
AAAAAAAAAAAAAAAAAAACCCCCC
EEEEEEEEEEEEEEEEEEEEEEEEE
BBBBBBBBBBBBBBBBBBBDDDDDD
BBBBBBBBBBBBBBBBBBBDDDDDD
BBBBBBBBBBBBBBBBBBBDDDDDD
BBBBBBBBBBBBBBBBBBBDDDDDD
BBBBBBBBBBBBBBBBBBBDDDDDD
BBBBBBBBBBBBBBBBBBBDDDDDD
BBBBBBBBBBBBBBBBBBBDDDDDD
BBBBBBBBBBBBBBBBBBBDDDDDD
BBBBBBBBBBBBBBBBBBBDDDDDD
BBBBBBBBBBBBBBBBBBBDDDDDD
Case #59:
AAAAACCCCCCCCCCCCCCCCCCCC
AAAAACCCCCCCCCCCCCCCCCCCC
AAAAACCCCCCCCCCCCCCCCCCCC
AAAAACCCCCCCCCCCCCCCCCCCC
AAAAACCCCCCCCCCCCCCCCCCCC
AAAAACCCCCCCCCCCCCCCCCCCC
AAAAACCCCCCCCCCCCCCCCCCCC
EEEEEEEEEEEEEEEEEEEEEEEEE
BBBBBDDDDDDDDDDDDDDDDDDDD
BBBBBDDDDDDDDDDDDDDDDDDDD
BBBBBDDDDDDDDDDDDDDDDDDDD
BBBBBDDDDDDDDDDDDDDDDDDDD
FFFFFFFFFFFFFFFFFFFGGGGGG
FFFFFFFFFFFFFFFFFFFGGGGGG
FFFFFFFFFFFFFFFFFFFGGGGGG
FFFFFFFFFFFFFFFFFFFGGGGGG
HHHHHHHHHHHHHHHHHHHHHHHHH
IIIIIIIIIIIIIIIIIIIIIIIII
JJJJJJJJJJJJJJJJJJJJJJJJJ
JJJJJJJJJJJJJJJJJJJJJJJJJ
JJJJJJJJJJJJJJJJJJJJJJJJJ
JJJJJJJJJJJJJJJJJJJJJJJJJ
JJJJJJJJJJJJJJJJJJJJJJJJJ
JJJJJJJJJJJJJJJJJJJJJJJJJ
JJJJJJJJJJJJJJJJJJJJJJJJJ
Case #60:
DDDDDDDDDDDDDDDDDDDDDDDD
GXXXXXXXXXXXXXXXXXXXXXXX
GXXXXXXXXXXXXXXXXXXXXXXX
FFFFFFFFFFFFFFFFFFFFFFFF
AAAAAAAAAAAAAAAAAAAAAAAA
OOOOOOOOOOOOOOOOOOCCCCCC
OOOOOOOOOOOOOOOOOOCCCCCC
WKKKKKKLLLLLLQQQQQQQQQQQ
WKKKKKKLLLLLLQQQQQQQQQQQ
UUUUUUUUUUUUUUUUUUUUUUUU
HHHBBBBBBBBBBBBBBBBBBBBB
MMMMMMMMMMMMMMMMMMMMMMMM
MMMMMMMMMMMMMMMMMMMMMMMM
TTTTTTTTTTTTTTTTTTTTTTTT
VVVVVVVVVVVVVVVVVVVVVVVV
PPPPPPPPPPPPPPPPPPPPPPPP
IIIIIIIIIIIIIIIIIIIIIIII
RRRRRRRRRRRRRRRRRRRRRRRR
RRRRRRRRRRRRRRRRRRRRRRRR
YYYYYJJJJJJJJJJJJJJJJJJJ
YYYYYJJJJJJJJJJJJJJJJJJJ
SSSSSSSSSSSSSSSSSSSSSSSS
NNNNNNNNNNNNNNNNNNNNNNNN
NNNNNNNNNNNNNNNNNNNNNNNN
EEEEEEEEEEEEEEEEEEEEEEEE
Case #61:
AAAAAAAAAAAAAAAAAAAAAAAAA
BBBBBBBBBBBBBBBBBBBBBBBBB
CCCCCCCCCCCCCCCCCCCCCCCCC
DDDDDDDDDDDDDDDDDDDDDDDDD
EEEEEEEEEEEEEEEEEEEEEEEEE
FFFFFFFFFFFFFFFFFFFFFFFFF
GGGGGGGGGGGGGGGGGGGGGGGGG
HHHHHHHHHHHHHHHHHHHHHHHHH
IIIIIIIIIIIIIIIIIIIIIIIII
JJJJJJJJJJJJJJJJJJJJJJJJJ
KKKKKKKKKKKKKKKKKKKKKKKKK
LLLLLLLLLLLLLLLLLLLLLLLLL
MMMMMMMMMMMMMMMMMMMMMMMMM
NNNNNNNNNNNNNNNNNNNNNNNNN
OOOOOOOOOOOOOOOOOOOOOOOOO
PPPPPPPPPPPPPPPPPPPPPPPPP
QQQQQQQQQQQQQQQQQQQQQQQQQ
RRRRRRRRRRRRRRRRRRRRRRRRR
SSSSSSSSSSSSSSSSSSSSSSSSS
TTTTTTTTTTTTTTTTTTTTTTTTT
UUUUUUUUUUUUUUUUUUUUUUUUU
VVVVVVVVVVVVVVVVVVVVVVVVV
WWWWWWWWWWWWWWWWWWWWWWWWW
XXXXXXXXXXXXXXXXXXXXXXXXX
YYYYYYYYYYYYYYYYYYYYYYYYY
Case #62:
HHHHHHHHHHHHHHHHHEEEEEEEE
NNNNNNNNNNNNNNNNNNNNNNNNN
DDDYYYYYYYYZZZZZZZZZZZZZZ
DDDYYYYYYYYZZZZZZZZZZZZZZ
JJJJJJJJJJJJJJJJJJJJJJJJJ
MMMMMMMMMMMMMMMMMMMMMMMMM
MMMMMMMMMMMMMMMMMMMMMMMMM
PPPPPPPPPPPPPVVVVVVVVVVVV
PPPPPPPPPPPPPVVVVVVVVVVVV
FFFFFFFFFFFFFFCCCCCCCCCCC
UUUUUUUUUUUUUUUUUUUUUUUUU
UUUUUUUUUUUUUUUUUUUUUUUUU
UUUUUUUUUUUUUUUUUUUUUUUUU
SSSSSSSSSSSSSSSSSSSSSSSSS
IIIIIIIIIIIIIIIIIIIIIIIII
OOOOOOOOOOOOOOOOOOOOOOOOO
QQQRRRRRRRRRRRRRRRRRRRRRR
TTTTTTTTTTTTTTTTTTTTTTTTT
KKKKKKKKKKKKKKKKKKKKAAAAA
GGGGGGGGGGGGGGGGGGGGGGGGG
XXXXXXXXXXLLLLLLLLLLLLLLL
WWWWWWWWWWWWWWWWWWWWWWWWW
WWWWWWWWWWWWWWWWWWWWWWWWW
BBBBBBBBBBBBBBBBBBBBBBBBB
BBBBBBBBBBBBBBBBBBBBBBBBB
Case #63:
BD
AC
Case #64:
AAAAAAAAACCCCCCCCCCCCCCCC
AAAAAAAAACCCCCCCCCCCCCCCC
EEEEEEEEEEEEEEEEEEEEEEEEE
BBBBBBBBBDDDDDDDDDDDDDDDD
BBBBBBBBBDDDDDDDDDDDDDDDD
BBBBBBBBBDDDDDDDDDDDDDDDD
BBBBBBBBBDDDDDDDDDDDDDDDD
FFFFFFFFFFFFFFFFGGGGGGGGG
FFFFFFFFFFFFFFFFGGGGGGGGG
FFFFFFFFFFFFFFFFGGGGGGGGG
FFFFFFFFFFFFFFFFGGGGGGGGG
FFFFFFFFFFFFFFFFGGGGGGGGG
FFFFFFFFFFFFFFFFGGGGGGGGG
FFFFFFFFFFFFFFFFGGGGGGGGG
FFFFFFFFFFFFFFFFGGGGGGGGG
FFFFFFFFFFFFFFFFGGGGGGGGG
FFFFFFFFFFFFFFFFGGGGGGGGG
FFFFFFFFFFFFFFFFGGGGGGGGG
FFFFFFFFFFFFFFFFGGGGGGGGG
FFFFFFFFFFFFFFFFGGGGGGGGG
FFFFFFFFFFFFFFFFGGGGGGGGG
HHHHHHHHHHHHHHHHHHHHHHHHH
IIIIIIIIIIIIIIIIIIIIIIIII
JJJJJJJJJJJJJJJJJJJJJJJJJ
JJJJJJJJJJJJJJJJJJJJJJJJJ
Case #65:
AACCCCCCCCCCCCCCCCCCCCCCC
AACCCCCCCCCCCCCCCCCCCCCCC
AACCCCCCCCCCCCCCCCCCCCCCC
AACCCCCCCCCCCCCCCCCCCCCCC
AACCCCCCCCCCCCCCCCCCCCCCC
AACCCCCCCCCCCCCCCCCCCCCCC
AACCCCCCCCCCCCCCCCCCCCCCC
AACCCCCCCCCCCCCCCCCCCCCCC
AACCCCCCCCCCCCCCCCCCCCCCC
AACCCCCCCCCCCCCCCCCCCCCCC
AACCCCCCCCCCCCCCCCCCCCCCC
AACCCCCCCCCCCCCCCCCCCCCCC
AACCCCCCCCCCCCCCCCCCCCCCC
AACCCCCCCCCCCCCCCCCCCCCCC
AACCCCCCCCCCCCCCCCCCCCCCC
AACCCCCCCCCCCCCCCCCCCCCCC
AACCCCCCCCCCCCCCCCCCCCCCC
AACCCCCCCCCCCCCCCCCCCCCCC
AACCCCCCCCCCCCCCCCCCCCCCC
AACCCCCCCCCCCCCCCCCCCCCCC
EEEEEEEEEEEEEEEEEEEEEEEEE
BBDDDDDDDDDDDDDDDDDDDDDDD
BBDDDDDDDDDDDDDDDDDDDDDDD
BBDDDDDDDDDDDDDDDDDDDDDDD
BBDDDDDDDDDDDDDDDDDDDDDDD
Case #66:
AAAAAAAAAAAAAACCCCCCCCCCC
AAAAAAAAAAAAAACCCCCCCCCCC
AAAAAAAAAAAAAACCCCCCCCCCC
AAAAAAAAAAAAAACCCCCCCCCCC
EEEEEEEEEEEEEEEEEEEEEEEEE
BBBBBBBBBBBBBBDDDDDDDDDDD
BBBBBBBBBBBBBBDDDDDDDDDDD
BBBBBBBBBBBBBBDDDDDDDDDDD
BBBBBBBBBBBBBBDDDDDDDDDDD
BBBBBBBBBBBBBBDDDDDDDDDDD
BBBBBBBBBBBBBBDDDDDDDDDDD
BBBBBBBBBBBBBBDDDDDDDDDDD
BBBBBBBBBBBBBBDDDDDDDDDDD
BBBBBBBBBBBBBBDDDDDDDDDDD
BBBBBBBBBBBBBBDDDDDDDDDDD
BBBBBBBBBBBBBBDDDDDDDDDDD
BBBBBBBBBBBBBBDDDDDDDDDDD
BBBBBBBBBBBBBBDDDDDDDDDDD
BBBBBBBBBBBBBBDDDDDDDDDDD
BBBBBBBBBBBBBBDDDDDDDDDDD
BBBBBBBBBBBBBBDDDDDDDDDDD
BBBBBBBBBBBBBBDDDDDDDDDDD
BBBBBBBBBBBBBBDDDDDDDDDDD
BBBBBBBBBBBBBBDDDDDDDDDDD
BBBBBBBBBBBBBBDDDDDDDDDDD
Case #67:
BA
BA
Case #68:
NNNNNNNNNNNNNNNNNNNNNNNNN
NNNNNNNNNNNNNNNNNNNNNNNNN
NNNNNNNNNNNNNNNNNNNNNNNNN
NNNNNNNNNNNNNNNNNNNNNNNNN
NNNNNNNNNNNNNNNNNNNNNNNNN
NNNNNNNNNNNNNNNNNNNNNNNNN
NNNNNNNNNNNNNNNNNNNNNNNNN
NNNNNNNNNNNNNNNNNNNNNNNNN
NNNNNNNNNNNNNNNNNNNNNNNNN
NNNNNNNNNNNNNNNNNNNNNNNNN
NNNNNNNNNNNNNNNNNNNNNNNNN
NNNNNNNNNNNNNNNNNNNNNNNNN
NNNNNNNNNNNNNNNNNNNNNNNNN
NNNNNNNNNNNNNNNNNNNNNNNNN
NNNNNNNNNNNNNNNNNNNNNNNNN
YYYYYYYYYYYYYYYYYYYYYYYYY
HHHHHHHHTTTTTTTTTTTTTTTTT
KKKKKKKKKUUUUUUUUUUUUUUUU
JJJJJJJJJWWWWWWWWWWWWWWWW
PPPPPPPPPGGGGGGGGIIIIIIII
AAAAACCCCDDDDDDDDDDDDDDDD
MMMMMMMMMZZZZZZZZZZZZZZZZ
VVVVVVVVVVVVVVOOOOOOOOOOO
BBBBBBBRRRRRQQEEEEEEEEEEE
FFFFFFFFFSLLXXXXXXXXXXXXX
Case #69:
YYYYYYYYYYYYYNNNNNNNNNNNN
GGGGGGGGGGGGGGGGGGGGGGGGG
GGGGGGGGGGGGGGGGGGGGGGGGG
BBVVVVVVVVVVVVVVVVVVVVVVV
BBVVVVVVVVVVVVVVVVVVVVVVV
BBVVVVVVVVVVVVVVVVVVVVVVV
EEEEEEEEEEEEEEEEEEEEEEEEE
EEEEEEEEEEEEEEEEEEEEEEEEE
SSSSSSSSSSSSSSSSSSSSSSSSS
HHHHHHHHZQQQQQQQQTTTTTTTT
IIIIIWWWWWWWWWWWWWWWWWWWW
IIIIIWWWWWWWWWWWWWWWWWWWW
UUUUUUUUUUUUUUUUUUUUUUUUU
CCCCCCCCCCCCCCCCCCCCCCCCC
MMMMMMMMMMMMMMMMMMMMMMMMM
OOOOOOOOOOOOOOOOOOOOOOOOO
OOOOOOOOOOOOOOOOOOOOOOOOO
OOOOOOOOOOOOOOOOOOOOOOOOO
OOOOOOOOOOOOOOOOOOOOOOOOO
AAAAAAAAAAAAAAAAAAAAAAAAA
PPPPPPPPPPDDDDLLLLLLLLLLL
PPPPPPPPPPDDDDLLLLLLLLLLL
JJJJJJJJJJJJJJJJJJJJJJJJJ
KKKKKKKKKKKKKKKKKKKKKKKKK
XXXXRRRRRRRRRRRRFFFFFFFFF
Case #70:
ABBBBBBBBBBBBBBBBBBBBBBBB
CCCCCCCCCCCCCCCCCCCCCCCCC
DDDDDDDDDDDDDDDDDDDDDDDDD
EEEEEEEEEEEEEEEEEEEEEEEEE
FFFFFFFFFFFFFFFFFHHHHHHHH
FFFFFFFFFFFFFFFFFHHHHHHHH
FFFFFFFFFFFFFFFFFHHHHHHHH
FFFFFFFFFFFFFFFFFHHHHHHHH
FFFFFFFFFFFFFFFFFHHHHHHHH
FFFFFFFFFFFFFFFFFHHHHHHHH
FFFFFFFFFFFFFFFFFHHHHHHHH
FFFFFFFFFFFFFFFFFHHHHHHHH
FFFFFFFFFFFFFFFFFHHHHHHHH
FFFFFFFFFFFFFFFFFHHHHHHHH
FFFFFFFFFFFFFFFFFHHHHHHHH
FFFFFFFFFFFFFFFFFHHHHHHHH
FFFFFFFFFFFFFFFFFHHHHHHHH
FFFFFFFFFFFFFFFFFHHHHHHHH
FFFFFFFFFFFFFFFFFHHHHHHHH
FFFFFFFFFFFFFFFFFHHHHHHHH
JJJJJJJJJJJJJJJJJJJJJJJJJ
GGGGGGGGGGGGGGGGGIIIIIIII
GGGGGGGGGGGGGGGGGIIIIIIII
GGGGGGGGGGGGGGGGGIIIIIIII
GGGGGGGGGGGGGGGGGIIIIIIII
Case #71:
CAD
BBE
BBE
BBE
Case #72:
CC
BA
Case #73:
GGGGG
CCFHD
BBBBB
EEEII
AAAAA
Case #74:
AAAABBBBBBBBBBBBBBBBBBBBB
AAAABBBBBBBBBBBBBBBBBBBBB
AAAABBBBBBBBBBBBBBBBBBBBB
AAAABBBBBBBBBBBBBBBBBBBBB
AAAABBBBBBBBBBBBBBBBBBBBB
AAAABBBBBBBBBBBBBBBBBBBBB
AAAABBBBBBBBBBBBBBBBBBBBB
CCCCCCCCCCCCCCCCCCCCCCCCC
DDDDDDDDDDDDDDDDDDDDDDDDD
EEEEEEEEEEEEEEEEEEEEEEEEE
FFFFFFFFFFFFFFFFFFHHHHHHH
FFFFFFFFFFFFFFFFFFHHHHHHH
FFFFFFFFFFFFFFFFFFHHHHHHH
FFFFFFFFFFFFFFFFFFHHHHHHH
FFFFFFFFFFFFFFFFFFHHHHHHH
FFFFFFFFFFFFFFFFFFHHHHHHH
FFFFFFFFFFFFFFFFFFHHHHHHH
FFFFFFFFFFFFFFFFFFHHHHHHH
JJJJJJJJJJJJJJJJJJJJJJJJJ
GGGGGGGGGGGGGGGGGGIIIIIII
GGGGGGGGGGGGGGGGGGIIIIIII
GGGGGGGGGGGGGGGGGGIIIIIII
GGGGGGGGGGGGGGGGGGIIIIIII
GGGGGGGGGGGGGGGGGGIIIIIII
GGGGGGGGGGGGGGGGGGIIIIIII
Case #75:
AAAAAAAAAAABBBBBBBBBBBBBB
AAAAAAAAAAABBBBBBBBBBBBBB
AAAAAAAAAAABBBBBBBBBBBBBB
AAAAAAAAAAABBBBBBBBBBBBBB
AAAAAAAAAAABBBBBBBBBBBBBB
AAAAAAAAAAABBBBBBBBBBBBBB
AAAAAAAAAAABBBBBBBBBBBBBB
AAAAAAAAAAABBBBBBBBBBBBBB
AAAAAAAAAAABBBBBBBBBBBBBB
AAAAAAAAAAABBBBBBBBBBBBBB
AAAAAAAAAAABBBBBBBBBBBBBB
AAAAAAAAAAABBBBBBBBBBBBBB
AAAAAAAAAAABBBBBBBBBBBBBB
AAAAAAAAAAABBBBBBBBBBBBBB
AAAAAAAAAAABBBBBBBBBBBBBB
AAAAAAAAAAABBBBBBBBBBBBBB
AAAAAAAAAAABBBBBBBBBBBBBB
AAAAAAAAAAABBBBBBBBBBBBBB
AAAAAAAAAAABBBBBBBBBBBBBB
AAAAAAAAAAABBBBBBBBBBBBBB
AAAAAAAAAAABBBBBBBBBBBBBB
AAAAAAAAAAABBBBBBBBBBBBBB
CCCCCCCCCCCCCCCCCCCCCCCCC
DDDDDDDDDDDDDDDDDDDDDDDDD
EEEEEEEEEEEEEEEEEEEEEEEEE
Case #76:
BBBBBBBBBBBBBBBBBBBBBBBBB
BBBBBBBBBBBBBBBBBBBBBBBBB
BBBBBBBBBBBBBBBBBBBBBBBBB
BBBBBBBBBBBBBBBBBBBBBBBBB
BBBBBBBBBBBBBBBBBBBBBBBBB
BBBBBBBBBBBBBBBBBBBBBBBBB
BBBBBBBBBBBBBBBBBBBBBBBBB
BBBBBBBBBBBBBBBBBBBBBBBBB
BBBBBBBBBBBBBBBBBBBBBBBBB
BBBBBBBBBBBBBBBBBBBBBBBBB
BBBBBBBBBBBBBBBBBBBBBBBBB
BBBBBBBBBBBBBBBBBBBBBBBBB
BBBBBBBBBBBBBBBBBBBBBBBBB
BBBBBBBBBBBBBBBBBBBBBBBBB
BBBBBBBBBBBBBBBBBBBBBBBBB
SSSSSSSSSSSSSSSSSSSSSSSSS
DDPHHHHHHHHHHHHHHHHHHHHHH
ZIIUQOJJJJJJJJJJJJJJJJJJJ
AAAAAAEYYYYYYYYYYYYYYYYYY
MMGVXXXXXXXXXXXXXXXXXXXXX
TCCCCCWWWWWWWWWWWWWWWWWWW
NFRRRRRRRRRRRRRRRRRRRRRRR
KKLLLLLLLLLLLLLLLLLLLLLLL
KKLLLLLLLLLLLLLLLLLLLLLLL
KKLLLLLLLLLLLLLLLLLLLLLLL
Case #77:
JJJJJJRRRRRRRRRRRRRRRRRRR
JJJJJJRRRRRRRRRRRRRRRRRRR
JJJJJJRRRRRRRRRRRRRRRRRRR
JJJJJJRRRRRRRRRRRRRRRRRRR
JJJJJJRRRRRRRRRRRRRRRRRRR
JJJJJJRRRRRRRRRRRRRRRRRRR
JJJJJJRRRRRRRRRRRRRRRRRRR
KKKKKKHHHHHHHHHHHHHHHHHHH
KKKKKKHHHHHHHHHHHHHHHHHHH
AAAAAADDDDDDDDDDDDDDDDDDD
TTTTTTTTTTTTTTTTTTTTTTTTT
MMMMQQQQQQQQQQQQQQQQQQQQQ
YYEEWWOOLLLLLLLLLLLLLLLLL
NNGGSSFFFFFFFFFFFFFFFFFFF
VVVVIIIIIIIIIIIIIIIIIIIII
BBPPPPPCCCCCCCCCCCCCCCCCC
XXXXXXXXXXXXXXXXXXXXXXXXX
UUUUUUUUUUUUUUUUUUUUUUUUU
UUUUUUUUUUUUUUUUUUUUUUUUU
ZZZZZZZZZZZZZZZZZZZZZZZZZ
ZZZZZZZZZZZZZZZZZZZZZZZZZ
ZZZZZZZZZZZZZZZZZZZZZZZZZ
ZZZZZZZZZZZZZZZZZZZZZZZZZ
ZZZZZZZZZZZZZZZZZZZZZZZZZ
ZZZZZZZZZZZZZZZZZZZZZZZZZ
Case #78:
EEEESDDDDDDDDDDDDDDDDDDDD
EEEESDDDDDDDDDDDDDDDDDDDD
EEEESDDDDDDDDDDDDDDDDDDDD
EEEESDDDDDDDDDDDDDDDDDDDD
EEEESDDDDDDDDDDDDDDDDDDDD
EEEESDDDDDDDDDDDDDDDDDDDD
EEEESDDDDDDDDDDDDDDDDDDDD
EEEESDDDDDDDDDDDDDDDDDDDD
EEEESDDDDDDDDDDDDDDDDDDDD
EEEESDDDDDDDDDDDDDDDDDDDD
EEEESDDDDDDDDDDDDDDDDDDDD
EEEESDDDDDDDDDDDDDDDDDDDD
EEEESDDDDDDDDDDDDDDDDDDDD
EEEESDDDDDDDDDDDDDDDDDDDD
EEEESDDDDDDDDDDDDDDDDDDDD
EEEESDDDDDDDDDDDDDDDDDDDD
YYYKKKFFFFFFFFFFFFFFFFFFF
JJJJJJRRRPPPPPPPPPPPPPPPP
JJJJJJRRRPPPPPPPPPPPPPPPP
UUUUUUUUUUUUUUUUUUUUUUUUU
WWWWWOOQQQQQQQQQQQQQQQQQQ
TIIIIIICCCCMMMMMMMMMMMMMM
BNNNNNNNNNNNNNNNNNNNNNNNN
HHVVVXAAAAAAAAAAAAAAAAAAA
ZZZZZZLLLGGGGGGGGGGGGGGGG
Case #79:
ABCDEFGHIJKLMNOPQRSTUVWXY
ABCDEFGHIJKLMNOPQRSTUVWXY
ABCDEFGHIJKLMNOPQRSTUVWXY
ABCDEFGHIJKLMNOPQRSTUVWXY
ABCDEFGHIJKLMNOPQRSTUVWXY
ABCDEFGHIJKLMNOPQRSTUVWXY
ABCDEFGHIJKLMNOPQRSTUVWXY
ABCDEFGHIJKLMNOPQRSTUVWXY
ABCDEFGHIJKLMNOPQRSTUVWXY
ABCDEFGHIJKLMNOPQRSTUVWXY
ABCDEFGHIJKLMNOPQRSTUVWXY
ABCDEFGHIJKLMNOPQRSTUVWXY
ABCDEFGHIJKLMNOPQRSTUVWXY
ABCDEFGHIJKLMNOPQRSTUVWXY
ABCDEFGHIJKLMNOPQRSTUVWXY
ABCDEFGHIJKLMNOPQRSTUVWXY
ABCDEFGHIJKLMNOPQRSTUVWXY
ABCDEFGHIJKLMNOPQRSTUVWXY
ABCDEFGHIJKLMNOPQRSTUVWXY
ABCDEFGHIJKLMNOPQRSTUVWXY
ABCDEFGHIJKLMNOPQRSTUVWXY
ABCDEFGHIJKLMNOPQRSTUVWXY
ABCDEFGHIJKLMNOPQRSTUVWXY
ABCDEFGHIJKLMNOPQRSTUVWXY
ABCDEFGHIJKLMNOPQRSTUVWXY
Case #80:
SSSSSSSSSSSSSSSSSSSSSSSSS
SSSSSSSSSSSSSSSSSSSSSSSSS
VVVVVVVVVVVVVVVVVVVVVVVVV
GGGGKKKKKKKKKKKKKKKKKKKKK
GGGGKKKKKKKKKKKKKKKKKKKKK
BBBBBBUUUUUUUUUMMMMMMMMMM
EEEEEEEEEEEEEEEEEEEEEEEEE
WWWWWLLAAAAOOOOOOOOOOOOOO
TTTZZZZIIIIIIIIIIIIIIIIII
TTTZZZZIIIIIIIIIIIIIIIIII
NNNNNNNNNNNNNNDDDDDDDDDDD
NNNNNNNNNNNNNNDDDDDDDDDDD
FFYYYYYYYYYYYYYYYYYYYYYYY
FFYYYYYYYYYYYYYYYYYYYYYYY
HHHHHHHHHHHHHHHHHHHHHHHHH
HHHHHHHHHHHHHHHHHHHHHHHHH
PPPPPPPPPPPPPPPPPPPPPPPPP
RXXXXXXXXXXXXXXXXXXXXXXXX
RXXXXXXXXXXXXXXXXXXXXXXXX
CCCCCCCCCCCCCCCCCCCCCCCCC
QQQQQQQQQQQQQQQQQQQQQQQQQ
JJJJJJJJJJJJJJJJJJJJJJJJJ
JJJJJJJJJJJJJJJJJJJJJJJJJ
JJJJJJJJJJJJJJJJJJJJJJJJJ
JJJJJJJJJJJJJJJJJJJJJJJJJ
Case #81:
A
A
Case #82:
AAABBBBBBBBBBBBBBBBBBBBBB
CCCCCCCCCCCCCCCCCCCCCCCCC
DDDDDDDDDDDDDDDDDDDDDDDDD
EEEEEEEEEEEEEEEEEEEEEEEEE
FFFFFFFFFFFFFHHHHHHHHHHHH
FFFFFFFFFFFFFHHHHHHHHHHHH
FFFFFFFFFFFFFHHHHHHHHHHHH
FFFFFFFFFFFFFHHHHHHHHHHHH
FFFFFFFFFFFFFHHHHHHHHHHHH
FFFFFFFFFFFFFHHHHHHHHHHHH
FFFFFFFFFFFFFHHHHHHHHHHHH
FFFFFFFFFFFFFHHHHHHHHHHHH
FFFFFFFFFFFFFHHHHHHHHHHHH
FFFFFFFFFFFFFHHHHHHHHHHHH
FFFFFFFFFFFFFHHHHHHHHHHHH
JJJJJJJJJJJJJJJJJJJJJJJJJ
GGGGGGGGGGGGGIIIIIIIIIIII
GGGGGGGGGGGGGIIIIIIIIIIII
GGGGGGGGGGGGGIIIIIIIIIIII
GGGGGGGGGGGGGIIIIIIIIIIII
GGGGGGGGGGGGGIIIIIIIIIIII
GGGGGGGGGGGGGIIIIIIIIIIII
GGGGGGGGGGGGGIIIIIIIIIIII
GGGGGGGGGGGGGIIIIIIIIIIII
GGGGGGGGGGGGGIIIIIIIIIIII
Case #83:
AA
Case #84:
TT
JA
FF
LY
LY
GG
CC
CC
WQ
WQ
WQ
BB
ZZ
OX
OX
SS
II
MM
KK
VV
UE
PR
DD
HN
HN
Case #85:
FFFFFFFFFFFFFFFFFFFFFFFFF
FFFFFFFFFFFFFFFFFFFFFFFFF
FFFFFFFFFFFFFFFFFFFFFFFFF
FFFFFFFFFFFFFFFFFFFFFFFFF
FFFFFFFFFFFFFFFFFFFFFFFFF
FFFFFFFFFFFFFFFFFFFFFFFFF
FFFFFFFFFFFFFFFFFFFFFFFFF
FFFFFFFFFFFFFFFFFFFFFFFFF
FFFFFFFFFFFFFFFFFFFFFFFFF
FFFFFFFFFFFFFFFFFFFFFFFFF
FFFFFFFFFFFFFFFFFFFFFFFFF
FFFFFFFFFFFFFFFFFFFFFFFFF
FFFFFFFFFFFFFFFFFFFFFFFFF
AAAAAAWWWWWWWWWWWWWWWWWWW
UUUUUUUUUUUUUUUUUUUUUUUUU
CCCCCCCCCCCCCCCCCCCCCCCCC
CCCCCCCCCCCCCCCCCCCCCCCCC
ZZZKKKKKKKKSSSSSSSSSSSSSS
OOOOOOMMMMMMMMMMMMMMMMMMM
LLLLLLLTTTTTTTTTTTTTTTTTT
QQQQQQJJJBBDDDDDDDDDDDDDD
PPPIIIIIIIIIIIIIIIIIIIIII
HXXXXXXYYVVNNNNNNNNNNNNNN
RRRREEEEEEEEEEEEEEEEEEEEE
GGGGGGGGGGGGGGGGGGGGGGGGG
Case #86:
PPPPPPPPPPPPPPPPPPPPPPPPP
XXXXXXXXXXXXXXXXXXXXXXXXX
XXXXXXXXXXXXXXXXXXXXXXXXX
XXXXXXXXXXXXXXXXXXXXXXXXX
XXXXXXXXXXXXXXXXXXXXXXXXX
WWWWWWWWWWWWWWWWWWWWWWWWW
LLLLLLLLLLLLLLLLLLLLLBBBB
HHHHHHHHHHHHHHHHHHHHHHHHH
TTTTTTTTTTTTTTTTTTTTTTTTT
OOOOOOOOOOOOOOOOOOVVVVVVV
FFFFFFFFFFFFFFFFFFFFFFFFF
FFFFFFFFFFFFFFFFFFFFFFFFF
QQQQQQQQQQQQQQQQQQQQQQQQQ
DDDDDDDDDDDDDDDDDDDDDDDDD
JJJJJJJJJJJJJJJJJJJJJJJJJ
JJJJJJJJJJJJJJJJJJJJJJJJJ
JJJJJJJJJJJJJJJJJJJJJJJJJ
SSSSSUUUUZZZZZZZZZZZZZZZZ
YYYYYYYYYNNNNNNNNNNNNNNNN
YYYYYYYYYNNNNNNNNNNNNNNNN
AAAAAAAAAAAAAAAAAAAAAAAAA
RRRRRRRRRRRRRRRRRRRRRRRRR
MCEEEEEEEEEEEEEEKKKKKKKKK
IIIIIIIIIIIIIGGGGGGGGGGGG
IIIIIIIIIIIIIGGGGGGGGGGGG
Case #87:
AAABBBBBBBBBBBBBBBBBBBBBB
AAABBBBBBBBBBBBBBBBBBBBBB
AAABBBBBBBBBBBBBBBBBBBBBB
CCCCCCCCCCCCCCCCCCCCCCCCC
DDDDDDDDDDDDDDDDDDDDDDDDD
EEEEEEEEEEEEEEEEEEEEEEEEE
FFFFFFFFFFFFFFFHHHHHHHHHH
FFFFFFFFFFFFFFFHHHHHHHHHH
FFFFFFFFFFFFFFFHHHHHHHHHH
FFFFFFFFFFFFFFFHHHHHHHHHH
FFFFFFFFFFFFFFFHHHHHHHHHH
FFFFFFFFFFFFFFFHHHHHHHHHH
FFFFFFFFFFFFFFFHHHHHHHHHH
FFFFFFFFFFFFFFFHHHHHHHHHH
FFFFFFFFFFFFFFFHHHHHHHHHH
JJJJJJJJJJJJJJJJJJJJJJJJJ
GGGGGGGGGGGGGGGIIIIIIIIII
GGGGGGGGGGGGGGGIIIIIIIIII
GGGGGGGGGGGGGGGIIIIIIIIII
GGGGGGGGGGGGGGGIIIIIIIIII
GGGGGGGGGGGGGGGIIIIIIIIII
GGGGGGGGGGGGGGGIIIIIIIIII
GGGGGGGGGGGGGGGIIIIIIIIII
GGGGGGGGGGGGGGGIIIIIIIIII
GGGGGGGGGGGGGGGIIIIIIIIII
Case #88:
QQQQQQQQQQQQQQZZZZZZZZZZZ
QQQQQQQQQQQQQQZZZZZZZZZZZ
QQQQQQQQQQQQQQZZZZZZZZZZZ
QQQQQQQQQQQQQQZZZZZZZZZZZ
QQQQQQQQQQQQQQZZZZZZZZZZZ
QQQQQQQQQQQQQQZZZZZZZZZZZ
QQQQQQQQQQQQQQZZZZZZZZZZZ
QQQQQQQQQQQQQQZZZZZZZZZZZ
QQQQQQQQQQQQQQZZZZZZZZZZZ
QQQQQQQQQQQQQQZZZZZZZZZZZ
QQQQQQQQQQQQQQZZZZZZZZZZZ
QQQQQQQQQQQQQQZZZZZZZZZZZ
QQQQQQQQQQQQQQZZZZZZZZZZZ
QQQQQQQQQQQQQQZZZZZZZZZZZ
QQQQQQQQQQQQQQZZZZZZZZZZZ
QQQQQQQQQQQQQQZZZZZZZZZZZ
QQQQQQQQQQQQQQZZZZZZZZZZZ
QQQQQQQQQQQQQQZZZZZZZZZZZ
PPPPPPPPPPPPPPHHNNNNNNNNN
CCCCCCCCCCCCCGGBBLLLLLLLL
KKKKKKKKKKKTTYFWWWWMMMMMM
JJJJJJJJJJJJJXXAADDDDDDDD
OOOOOOOOOOOOOOOUUEEEEEEEE
SSSSSSSSSSSSSSSSSSSSSSSSS
IIIIIIIIIIIIIIVRRRRRRRRRR
Case #89:
XXXXXXXXXXXXXXXXXXXXXXXXX
XXXXXXXXXXXXXXXXXXXXXXXXX
XXXXXXXXXXXXXXXXXXXXXXXXX
VVVVVVVVVVVVVVVQQQQQQQQQQ
VVVVVVVVVVVVVVVQQQQQQQQQQ
TTTTTTTTTTTUUUNNWWWWWWWWW
IIIIIIIIIIIKKKRRRAJJJJJJJ
EEEEEEEEEEEEEYYLZZZZZZZZZ
DDDDDDDDDDDDDFSCHHHHHHHHH
MMMMMMMMMMMMMMMGGGGGGGGGG
OOOOOOOOOOOOOOOBBBBBBBBBB
PPPPPPPPPPPPPPPPPPPPPPPPP
PPPPPPPPPPPPPPPPPPPPPPPPP
PPPPPPPPPPPPPPPPPPPPPPPPP
PPPPPPPPPPPPPPPPPPPPPPPPP
PPPPPPPPPPPPPPPPPPPPPPPPP
PPPPPPPPPPPPPPPPPPPPPPPPP
PPPPPPPPPPPPPPPPPPPPPPPPP
PPPPPPPPPPPPPPPPPPPPPPPPP
PPPPPPPPPPPPPPPPPPPPPPPPP
PPPPPPPPPPPPPPPPPPPPPPPPP
PPPPPPPPPPPPPPPPPPPPPPPPP
PPPPPPPPPPPPPPPPPPPPPPPPP
PPPPPPPPPPPPPPPPPPPPPPPPP
PPPPPPPPPPPPPPPPPPPPPPPPP
Case #90:
ZZZZZZZZZZZZHHHVUUUUUUUUU
NNNNNNNNNKKRRRRRRRRRRRRRR
IIIIIIIIIICBWEXXPPPPPPPPP
QQQQQQQQQQQQLSSOOGGGGGGGG
JJJJJJJJJJJJJMTYYYYYYYYYY
AAAAAAAAAAAAAAFFFFFFFFFFF
DDDDDDDDDDDDDDDDDDDDDDDDD
DDDDDDDDDDDDDDDDDDDDDDDDD
DDDDDDDDDDDDDDDDDDDDDDDDD
DDDDDDDDDDDDDDDDDDDDDDDDD
DDDDDDDDDDDDDDDDDDDDDDDDD
DDDDDDDDDDDDDDDDDDDDDDDDD
DDDDDDDDDDDDDDDDDDDDDDDDD
DDDDDDDDDDDDDDDDDDDDDDDDD
DDDDDDDDDDDDDDDDDDDDDDDDD
DDDDDDDDDDDDDDDDDDDDDDDDD
DDDDDDDDDDDDDDDDDDDDDDDDD
DDDDDDDDDDDDDDDDDDDDDDDDD
DDDDDDDDDDDDDDDDDDDDDDDDD
DDDDDDDDDDDDDDDDDDDDDDDDD
DDDDDDDDDDDDDDDDDDDDDDDDD
DDDDDDDDDDDDDDDDDDDDDDDDD
DDDDDDDDDDDDDDDDDDDDDDDDD
DDDDDDDDDDDDDDDDDDDDDDDDD
DDDDDDDDDDDDDDDDDDDDDDDDD
Case #91:
ABBBBBBBBBBBBBBBBBBBBBBBB
ABBBBBBBBBBBBBBBBBBBBBBBB
ABBBBBBBBBBBBBBBBBBBBBBBB
ABBBBBBBBBBBBBBBBBBBBBBBB
ABBBBBBBBBBBBBBBBBBBBBBBB
ABBBBBBBBBBBBBBBBBBBBBBBB
CCCCCCCCCCCCCCCCCCCCCCCCC
DDDDDDDDDDDDDDDDDDDDDDDDD
EEEEEEEEEEEEEEEEEEEEEEEEE
FFFFFFFFFFFFFFFFFFFHHHHHH
FFFFFFFFFFFFFFFFFFFHHHHHH
FFFFFFFFFFFFFFFFFFFHHHHHH
FFFFFFFFFFFFFFFFFFFHHHHHH
JJJJJJJJJJJJJJJJJJJJJJJJJ
GGGGGGGGGGGGGGGGGGGIIIIII
GGGGGGGGGGGGGGGGGGGIIIIII
GGGGGGGGGGGGGGGGGGGIIIIII
GGGGGGGGGGGGGGGGGGGIIIIII
GGGGGGGGGGGGGGGGGGGIIIIII
GGGGGGGGGGGGGGGGGGGIIIIII
GGGGGGGGGGGGGGGGGGGIIIIII
GGGGGGGGGGGGGGGGGGGIIIIII
GGGGGGGGGGGGGGGGGGGIIIIII
GGGGGGGGGGGGGGGGGGGIIIIII
GGGGGGGGGGGGGGGGGGGIIIIII
Case #92:
AAAAAAAAAAAAAAAABBBBBBBBB
AAAAAAAAAAAAAAAABBBBBBBBB
AAAAAAAAAAAAAAAABBBBBBBBB
AAAAAAAAAAAAAAAABBBBBBBBB
AAAAAAAAAAAAAAAABBBBBBBBB
AAAAAAAAAAAAAAAABBBBBBBBB
AAAAAAAAAAAAAAAABBBBBBBBB
AAAAAAAAAAAAAAAABBBBBBBBB
AAAAAAAAAAAAAAAABBBBBBBBB
AAAAAAAAAAAAAAAABBBBBBBBB
AAAAAAAAAAAAAAAABBBBBBBBB
AAAAAAAAAAAAAAAABBBBBBBBB
AAAAAAAAAAAAAAAABBBBBBBBB
AAAAAAAAAAAAAAAABBBBBBBBB
AAAAAAAAAAAAAAAABBBBBBBBB
AAAAAAAAAAAAAAAABBBBBBBBB
AAAAAAAAAAAAAAAABBBBBBBBB
AAAAAAAAAAAAAAAABBBBBBBBB
CCCCCCCCCCCCCCCCCCCCCCCCC
DDDDDDDDDDDDDDDDDDDDDDDDD
EEEEEEEEEEEEEEEEEEEEEEEEE
EEEEEEEEEEEEEEEEEEEEEEEEE
EEEEEEEEEEEEEEEEEEEEEEEEE
EEEEEEEEEEEEEEEEEEEEEEEEE
EEEEEEEEEEEEEEEEEEEEEEEEE
Case #93:
ABCDEFGHIJKLMNOPQRSTUVWXY
ABCDEFGHIJKLMNOPQRSTUVWXY
ABCDEFGHIJKLMNOPQRSTUVWXY
ABCDEFGHIJKLMNOPQRSTUVWXY
ABCDEFGHIJKLMNOPQRSTUVWXY
ABCDEFGHIJKLMNOPQRSTUVWXY
ABCDEFGHIJKLMNOPQRSTUVWXY
ABCDEFGHIJKLMNOPQRSTUVWXY
ABCDEFGHIJKLMNOPQRSTUVWXY
ABCDEFGHIJKLMNOPQRSTUVWXY
ABCDEFGHIJKLMNOPQRSTUVWXY
ABCDEFGHIJKLMNOPQRSTUVWXY
ABCDEFGHIJKLMNOPQRSTUVWXY
ABCDEFGHIJKLMNOPQRSTUVWXY
ABCDEFGHIJKLMNOPQRSTUVWXY
ABCDEFGHIJKLMNOPQRSTUVWXY
ABCDEFGHIJKLMNOPQRSTUVWXY
ABCDEFGHIJKLMNOPQRSTUVWXY
ABCDEFGHIJKLMNOPQRSTUVWXY
ABCDEFGHIJKLMNOPQRSTUVWXY
ABCDEFGHIJKLMNOPQRSTUVWXY
ABCDEFGHIJKLMNOPQRSTUVWXY
ABCDEFGHIJKLMNOPQRSTUVWXY
ABCDEFGHIJKLMNOPQRSTUVWXY
ABCDEFGHIJKLMNOPQRSTUVWXY
Case #94:
BBBBBBBBBBBBBBBBBBBBBBBGG
EEEEEEEHHHHHHHHHHHHHHHHHH
VVVVVVVVVWWWWWWWWWWWWWWWW
PPPPPPPPPPPPPPPPPPPPPPPPP
PPPPPPPPPPPPPPPPPPPPPPPPP
CCCCCCCCCCCCCCCCCCCCCCCCC
QQQQQQQDDDDDDDDDDDDDDDDDD
FFFFFFFFFFFFFFFFFFFFFFFFF
ZZZZZZZZZZIIIITTTTTTTTTTT
ZZZZZZZZZZIIIITTTTTTTTTTT
KKKKKKKKKKKKKKKKKKKKKKKKK
KKKKKKKKKKKKKKKKKKKKKKKKK
XXXXXXXXXXXXXXXXXXXXXXXXX
JJJJJJJLLLLLLLLLLLLLLLLLL
MMMMMMMMMMMMMMMMMMMMMMMMM
MMMMMMMMMMMMMMMMMMMMMMMMM
SSSSSSSSSSSSSSSSSSSSSSSSS
NNNNNNNNNNNNNNNNNNNNNNNNN
NNNNNNNNNNNNNNNNNNNNNNNNN
NNNNNNNNNNNNNNNNNNNNNNNNN
UUUUYYYYYRRRRRRRRRRRRRRRR
UUUUYYYYYRRRRRRRRRRRRRRRR
AAAAAAAAAAAAAAAAAOOOOOOOO
AAAAAAAAAAAAAAAAAOOOOOOOO
AAAAAAAAAAAAAAAAAOOOOOOOO
Case #95:
AAAAAAAAAAAAAAAAAAAAAAAAA
BBBBBBBBBBBBBBBBBBBBBBBBB
CCCCCCCCCCCCCCCCCCCCCCCCC
DDDDDDDDDDDDDDDDDDDDDDDDD
EEEEEEEEEEEEEEEEEEEEEEEEE
FFFFFFFFFFFFFFFFFFFFFFFFF
GGGGGGGGGGGGGGGGGGGGGGGGG
HHHHHHHHHHHHHHHHHHHHHHHHH
IIIIIIIIIIIIIIIIIIIIIIIII
JJJJJJJJJJJJJJJJJJJJJJJJJ
KKKKKKKKKKKKKKKKKKKKKKKKK
LLLLLLLLLLLLLLLLLLLLLLLLL
MMMMMMMMMMMMMMMMMMMMMMMMM
NNNNNNNNNNNNNNNNNNNNNNNNN
OOOOOOOOOOOOOOOOOOOOOOOOO
PPPPPPPPPPPPPPPPPPPPPPPPP
QQQQQQQQQQQQQQQQQQQQQQQQQ
RRRRRRRRRRRRRRRRRRRRRRRRR
SSSSSSSSSSSSSSSSSSSSSSSSS
TTTTTTTTTTTTTTTTTTTTTTTTT
UUUUUUUUUUUUUUUUUUUUUUUUU
VVVVVVVVVVVVVVVVVVVVVVVVV
WWWWWWWWWWWWWWWWWWWWWWWWW
XXXXXXXXXXXXXXXXXXXXXXXXX
YYYYYYYYYYYYYYYYYYYYYYYYY
Case #96:
AAAA
AAAA
AAAA
AAAA
AAAA
CBDD
Case #97:
BBGG
FDDD
CEAA
Case #98:
AAAAAAAAAAAAAAAAAAAAAAAAA
BBBBBBBBBBBBBBBBBBBBBBBBB
CCCCCCCCCCCCCCCCCCCCCCCCC
DDDDDDDDDDDDDDDDDDDDDDDDD
EEEEEEEEEEEEEEEEEEEEEEEEE
FFFFFFFFFFFFFFFFFFFFFFFFF
GGGGGGGGGGGGGGGGGGGGGGGGG
HHHHHHHHHHHHHHHHHHHHHHHHH
IIIIIIIIIIIIIIIIIIIIIIIII
JJJJJJJJJJJJJJJJJJJJJJJJJ
KKKKKKKKKKKKKKKKKKKKKKKKK
LLLLLLLLLLLLLLLLLLLLLLLLL
MMMMMMMMMMMMMMMMMMMMMMMMM
NNNNNNNNNNNNNNNNNNNNNNNNN
OOOOOOOOOOOOOOOOOOOOOOOOO
PPPPPPPPPPPPPPPPPPPPPPPPP
QQQQQQQQQQQQQQQQQQQQQQQQQ
RRRRRRRRRRRRRRRRRRRRRRRRR
SSSSSSSSSSSSSSSSSSSSSSSSS
TTTTTTTTTTTTTTTTTTTTTTTTT
UUUUUUUUUUUUUUUUUUUUUUUUU
VVVVVVVVVVVVVVVVVVVVVVVVV
WWWWWWWWWWWWWWWWWWWWWWWWW
XXXXXXXXXXXXXXXXXXXXXXXXX
YYYYYYYYYYYYYYYYYYYYYYYYY
Case #99:
AAAAAAAAAAAAAAAAAAAAAAAAA
BBBBBBBBBBBBBBBBBBBBBBBBB
CCCCCCCCCCCCCCCCCCCCCCCCC
DDDDDDDDDDDDDDDDDDDDDDDDD
EEEEEEEEEEEEEEEEEEEEEEEEE
FFFFFFFFFFFFFFFFFFFFFFFFF
GGGGGGGGGGGGGGGGGGGGGGGGG
HHHHHHHHHHHHHHHHHHHHHHHHH
IIIIIIIIIIIIIIIIIIIIIIIII
JJJJJJJJJJJJJJJJJJJJJJJJJ
KKKKKKKKKKKKKKKKKKKKKKKKK
LLLLLLLLLLLLLLLLLLLLLLLLL
MMMMMMMMMMMMMMMMMMMMMMMMM
NNNNNNNNNNNNNNNNNNNNNNNNN
OOOOOOOOOOOOOOOOOOOOOOOOO
PPPPPPPPPPPPPPPPPPPPPPPPP
QQQQQQQQQQQQQQQQQQQQQQQQQ
RRRRRRRRRRRRRRRRRRRRRRRRR
SSSSSSSSSSSSSSSSSSSSSSSSS
TTTTTTTTTTTTTTTTTTTTTTTTT
UUUUUUUUUUUUUUUUUUUUUUUUU
VVVVVVVVVVVVVVVVVVVVVVVVV
WWWWWWWWWWWWWWWWWWWWWWWWW
XXXXXXXXXXXXXXXXXXXXXXXXX
YYYYYYYYYYYYYYYYYYYYYYYYY
Case #100:
VVVVVVVVVVVVVVVVVVVVVVVMM
VVVVVVVVVVVVVVVVVVVVVVVMM
AAAAAAAAAAAAAAAAAAAAAAAAA
AAAAAAAAAAAAAAAAAAAAAAAAA
XXCCCCCCCCCCCCCCCCCCCCCCC
NNNNNNZZZZZZZZZZZZZZOOOOO
DDDDDDDDDDGTTTTTTTTTTTTTT
DDDDDDDDDDGTTTTTTTTTTTTTT
YYYYYYYYYYYYYYYYYYYYYYYYY
UUUUUUUUUUUUUUUUUUUUUUUUU
UUUUUUUUUUUUUUUUUUUUUUUUU
KKKKKKKKKKKKKKKKKKKKKKIII
KKKKKKKKKKKKKKKKKKKKKKIII
RRRRRRRRRRRRRRRRRRRRRRRRR
RRRRRRRRRRRRRRRRRRRRRRRRR
LLLLLLLLLLLLLLLLLLLLLLLLL
LLLLLLLLLLLLLLLLLLLLLLLLL
JJJJEEEEEEEEEEEEEEEEEEEEE
WWWWWWWWWWWWWQQQQQPPPPPPP
HHHHHHHHHHHHHHHHHHHHHHHHH
HHHHHHHHHHHHHHHHHHHHHHHHH
SSSSSSSSSSSSSSSSSSSSSSSSS
BBBBBBBBBBBBBBBBBBBBBBBBB
FFFFFFFFFFFFFFFFFFFFFFFFF
FFFFFFFFFFFFFFFFFFFFFFFFF
