Case #1:
GGG
CCC
JJJ
Case #2:
CODE
JJAM
JJAM
Case #3:
CA
KE
Case #4:
EEE
BFF
CCC
DDA
Case #5:
A
B
Case #6:
CCC
FFF
AGD
HBE
Case #7:
CEAG
DDFH
BBBB
Case #8:
HFL
BJK
GAE
CDI
Case #9:
EBB
CAD
Case #10:
AAA
BBF
DEE
CCC
Case #11:
ACCC
EEEE
BDDF
Case #12:
BBBB
EEEA
CDDD
Case #13:
EEIK
BFHG
JDCA
Case #14:
BCA
Case #15:
EBB
DFF
AAA
CCC
Case #16:
CCCC
DDDD
EAAB
Case #17:
AA
AA
Case #18:
EBBB
DDDD
CCAA
Case #19:
DDD
FFF
EAA
CBB
Case #20:
AAAA
BBBB
CCCC
Case #21:
AAA
AAA
Case #22:
EFF
AAB
DDD
CCC
Case #23:
AA
AA
BB
BB
Case #24:
DDD
AFB
CCE
CCE
Case #25:
FBBB
EDCC
AAAA
Case #26:
CBBD
CBBD
EEEA
Case #27:
ABBCCC
DDEEFF
Case #28:
ABCD
ABCD
ABCD
Case #29:
HDA
CKE
JFI
GBB
Case #30:
BBBB
AAAA
Case #31:
ABCD
ABCD
ABCD
Case #32:
ABC
DDD
EEE
Case #33:
IBE
GJL
AHK
CDF
Case #34:
EEEE
BCCC
DDAA
Case #35:
AB
Case #36:
CCFH
BGAE
IIID
Case #37:
EBB
ADD
CCC
CCC
Case #38:
ECB
JFH
DIA
GGG
Case #39:
EDC
FAB
Case #40:
CCC
DHH
FGA
BEE
Case #41:
ABB
CCC
DDD
EEF
Case #42:
GAED
HHFB
IIIC
Case #43:
AAAA
EEEC
DBBB
Case #44:
CCC
BBB
AAA
EFD
Case #45:
ABBCCDDEEFFF
Case #46:
ACBB
DDDD
EEEE
Case #47:
CCCC
AAAD
BBBE
Case #48:
AAAA
BBBB
CCCC
Case #49:
BEG
CFA
DDD
DDD
Case #50:
BBB
FEE
DAA
CCC
Case #51:
ECAF
DBBB
DBBB
Case #52:
CAA
BBB
Case #53:
AAAA
BBCE
DDDD
Case #54:
AAAA
BBBB
CCCC
Case #55:
AA
BB
CC
DD
EE
FF
Case #56:
DDDD
EEBC
AAAA
Case #57:
DDCC
AAEE
BBBB
Case #58:
BFDA
GGEC
HHHH
Case #59:
DDDD
EEBH
ACFG
Case #60:
AAGD
EEBC
FFFF
Case #61:
A
A
Case #62:
ABB
CCC
DEE
FFF
Case #63:
EEE
ADD
FFF
CBB
Case #64:
ACC
BFF
DDD
EEE
Case #65:
A
Case #66:
AA
Case #67:
CAAA
DDDD
EEEB
Case #68:
ABCD
ABCD
ABCD
Case #69:
AAA
BBB
Case #70:
AAAA
BBBB
CCCC
Case #71:
BA
BA
Case #72:
DA
CB
Case #73:
ECCC
BBBB
AAAD
Case #74:
BBA
Case #75:
DDDE
FFFC
GGAB
Case #76:
A
B
B
C
C
D
D
E
E
F
F
F
Case #77:
CCJJ
CCJJ
CCJJ
Case #78:
AB
CC
Case #79:
AAA
CDB
Case #80:
DDDD
ECCC
ABBB
Case #81:
FFF
EDA
BCC
BCC
Case #82:
EAA
DDD
CFF
BBB
Case #83:
ADD
BBB
CEE
Case #84:
ECC
FFF
AAA
BDD
Case #85:
BBBB
EEEE
DACC
Case #86:
ABBB
CCDD
EFFF
Case #87:
FFF
CGG
EDB
AAA
Case #88:
AFFF
BEDD
CCCC
Case #89:
AAC
DDD
FBB
EEE
Case #90:
FFCE
DDGB
AAAA
Case #91:
CEBH
IJFD
ALKG
Case #92:
FGD
CBJ
AHE
III
Case #93:
BHG
FEA
CDD
CDD
Case #94:
AA
BB
EC
DD
DD
DD
Case #95:
EDB
GFH
CCA
CCA
Case #96:
ADI
GFJ
BEH
CCC
Case #97:
AAA
Case #98:
GDD
IJJ
BHC
EAF
Case #99:
EEE
CCB
FFF
DAA
Case #100:
DAAA
BEEE
CCCC
